#
# There is insufficient memory for the Java Runtime Environment to continue.
# Native memory allocation (malloc) failed to allocate 2097152 bytes for AllocateHeap
# Possible reasons:
#   The system is out of physical RAM or swap space
#   The process is running with CompressedOops enabled, and the Java Heap may be blocking the growth of the native heap
# Possible solutions:
#   Reduce memory load on the system
#   Increase physical memory or swap space
#   Check if swap backing store is full
#   Decrease Java heap size (-Xmx/-Xms)
#   Decrease number of Java threads
#   Decrease Java thread stack sizes (-Xss)
#   Set larger code cache with -XX:ReservedCodeCacheSize=
#   JVM is running with Unscaled Compressed Oops mode in which the Java heap is
#     placed in the first 4GB address space. The Java Heap base address is the
#     maximum limit for the native heap growth. Please use -XX:HeapBaseMinAddress
#     to set the Java Heap base and to place the Java Heap above 4GB virtual address.
# This output file may be truncated or incomplete.
#
#  Out of Memory Error (allocation.cpp:44), pid=16116, tid=13752
#
# JRE version: OpenJDK Runtime Environment Temurin-17.0.6+10 (17.0.6+10) (build 17.0.6+10)
# Java VM: OpenJDK 64-Bit Server VM Temurin-17.0.6+10 (17.0.6+10, mixed mode, emulated-client, tiered, compressed oops, compressed class ptrs, g1 gc, windows-amd64)
# No core dump will be written. Minidumps are not enabled by default on client versions of Windows
#

---------------  S U M M A R Y ------------

Command Line: -XX:+HeapDumpOnOutOfMemoryError -Xmx1024m -Dsts.lsp.client=vscode -Dsts.log.file=/dev/null -XX:TieredStopAtLevel=1 -Xlog:jni+resolve=off -Dspring.config.location=file:c:\Users\lees_\.vscode\extensions\vmware.vscode-spring-boot-1.45.0\language-server\BOOT-INF\classes\application.properties org.springframework.ide.vscode.boot.app.BootLanguageServerBootApp

Host: Intel(R) Core(TM) i7-7700HQ CPU @ 2.80GHz, 8 cores, 15G,  Windows 10 , 64 bit Build 19041 (10.0.19041.2546)
Time: Sat Mar 25 03:21:01 2023  Windows 10 , 64 bit Build 19041 (10.0.19041.2546) elapsed time: 93501.394930 seconds (1d 1h 58m 21s)

---------------  T H R E A D  ---------------

Current thread (0x000001b47d00bcc0):  VMThread "VM Thread" [stack: 0x000000a581700000,0x000000a581800000] [id=13752]

Stack: [0x000000a581700000,0x000000a581800000]
Native frames: (J=compiled Java code, j=interpreted, Vv=VM code, C=native code)
V  [jvm.dll+0x67741a]
V  [jvm.dll+0x834434]
V  [jvm.dll+0x835bde]
V  [jvm.dll+0x836243]
V  [jvm.dll+0x2457b5]
V  [jvm.dll+0xa626f]
V  [jvm.dll+0x2f5b61]
V  [jvm.dll+0x2f17e0]
V  [jvm.dll+0x2d9ee7]
V  [jvm.dll+0x31ce67]
V  [jvm.dll+0x83a6eb]
V  [jvm.dll+0x83b424]
V  [jvm.dll+0x83b93c]
V  [jvm.dll+0x83bd14]
V  [jvm.dll+0x83bde0]
V  [jvm.dll+0x7e483a]
V  [jvm.dll+0x6762c5]
C  [ucrtbase.dll+0x21bb2]
C  [KERNEL32.DLL+0x17614]
C  [ntdll.dll+0x526a1]

VM_Operation (0x000000a5830fef70): G1CollectFull, mode: safepoint, requested by thread 0x000001b47e485a90


---------------  P R O C E S S  ---------------

Threads class SMR info:
_java_thread_list=0x000001b401db0af0, length=24, elements={
0x000001b47c6191e0, 0x000001b47c619e60, 0x000001b47d060e10, 0x000001b47d065b30,
0x000001b47d068400, 0x000001b47d06c1c0, 0x000001b47d06ca80, 0x000001b47d075390,
0x000001b47d2a78b0, 0x000001b47d2bf010, 0x000001b47e53f520, 0x000001b47e4855c0,
0x000001b47e485a90, 0x000001b47e5ea050, 0x000001b471802a90, 0x000001b47e3f1fe0,
0x000001b47e682d90, 0x000001b47e781700, 0x000001b47e785590, 0x000001b47e782a40,
0x000001b47e781bd0, 0x000001b47e782570, 0x000001b47e780890, 0x000001b47e77f080
}

Java Threads: ( => current thread )
  0x000001b47c6191e0 JavaThread "Reference Handler" daemon [_thread_blocked, id=10316, stack(0x000000a581800000,0x000000a581900000)]
  0x000001b47c619e60 JavaThread "Finalizer" daemon [_thread_blocked, id=8176, stack(0x000000a581900000,0x000000a581a00000)]
  0x000001b47d060e10 JavaThread "Signal Dispatcher" daemon [_thread_blocked, id=18652, stack(0x000000a581a00000,0x000000a581b00000)]
  0x000001b47d065b30 JavaThread "Attach Listener" daemon [_thread_blocked, id=8184, stack(0x000000a581b00000,0x000000a581c00000)]
  0x000001b47d068400 JavaThread "Service Thread" daemon [_thread_blocked, id=17840, stack(0x000000a581c00000,0x000000a581d00000)]
  0x000001b47d06c1c0 JavaThread "Monitor Deflation Thread" daemon [_thread_blocked, id=8156, stack(0x000000a581d00000,0x000000a581e00000)]
  0x000001b47d06ca80 JavaThread "C1 CompilerThread0" daemon [_thread_blocked, id=5972, stack(0x000000a581e00000,0x000000a581f00000)]
  0x000001b47d075390 JavaThread "Sweeper thread" daemon [_thread_blocked, id=8276, stack(0x000000a581f00000,0x000000a582000000)]
  0x000001b47d2a78b0 JavaThread "Notification Thread" daemon [_thread_blocked, id=19896, stack(0x000000a582300000,0x000000a582400000)]
  0x000001b47d2bf010 JavaThread "Common-Cleaner" daemon [_thread_blocked, id=7436, stack(0x000000a582500000,0x000000a582600000)]
  0x000001b47e53f520 JavaThread "boundedElastic-evictor-1" daemon [_thread_blocked, id=4284, stack(0x000000a582c00000,0x000000a582d00000)]
  0x000001b47e4855c0 JavaThread "boundedElastic-evictor-2" daemon [_thread_blocked, id=18008, stack(0x000000a582f00000,0x000000a583000000)]
  0x000001b47e485a90 JavaThread "pool-10-thread-1" [_thread_blocked, id=6028, stack(0x000000a583000000,0x000000a583100000)]
  0x000001b47e5ea050 JavaThread "LanguageServerApp-lifecycle" [_thread_blocked, id=9296, stack(0x000000a583100000,0x000000a583200000)]
  0x000001b471802a90 JavaThread "DestroyJavaVM" [_thread_blocked, id=18596, stack(0x000000a581100000,0x000000a581200000)]
  0x000001b47e3f1fe0 JavaThread "pool-11-thread-1" [_thread_in_native, id=17952, stack(0x000000a583200000,0x000000a583300000)]
  0x000001b47e682d90 JavaThread "Simple-Language-Server main thread" daemon [_thread_blocked, id=8860, stack(0x000000a583300000,0x000000a583400000)]
  0x000001b47e781700 JavaThread "parallel-1" daemon [_thread_blocked, id=2468, stack(0x000000a584300000,0x000000a584400000)]
  0x000001b47e785590 JavaThread "pool-4-thread-1" [_thread_blocked, id=2616, stack(0x000000a584400000,0x000000a584500000)]
  0x000001b47e782a40 JavaThread "parallel-2" daemon [_thread_blocked, id=2628, stack(0x000000a584500000,0x000000a584600000)]
  0x000001b47e781bd0 JavaThread "parallel-3" daemon [_thread_blocked, id=19348, stack(0x000000a583900000,0x000000a583a00000)]
  0x000001b47e782570 JavaThread "pool-6-thread-1" [_thread_blocked, id=2888, stack(0x000000a580e00000,0x000000a580f00000)]
  0x000001b47e780890 JavaThread "parallel-4" daemon [_thread_blocked, id=12232, stack(0x000000a580f00000,0x000000a581000000)]
  0x000001b47e77f080 JavaThread "Reconciler-1" daemon [_thread_blocked, id=8212, stack(0x000000a583a00000,0x000000a583b00000)]

Other Threads:
=>0x000001b47d00bcc0 VMThread "VM Thread" [stack: 0x000000a581700000,0x000000a581800000] [id=13752]
  0x000001b471853390 WatcherThread [stack: 0x000000a582400000,0x000000a582500000] [id=7364]
  0x000001b47183fff0 GCTaskThread "GC Thread#0" [stack: 0x000000a581200000,0x000000a581300000] [id=2992]
  0x000001b47d2a2d20 GCTaskThread "GC Thread#1" [stack: 0x000000a582200000,0x000000a582300000] [id=7912]
  0x000001b47d2a2fd0 GCTaskThread "GC Thread#2" [stack: 0x000000a582600000,0x000000a582700000] [id=12308]
  0x000001b47c618400 GCTaskThread "GC Thread#3" [stack: 0x000000a582700000,0x000000a582800000] [id=13188]
  0x000001b47c6186b0 GCTaskThread "GC Thread#4" [stack: 0x000000a582800000,0x000000a582900000] [id=15684]
  0x000001b47c618d70 GCTaskThread "GC Thread#5" [stack: 0x000000a582900000,0x000000a582a00000] [id=16340]
  0x000001b47dec86a0 GCTaskThread "GC Thread#6" [stack: 0x000000a582a00000,0x000000a582b00000] [id=12528]
  0x000001b47dec8950 GCTaskThread "GC Thread#7" [stack: 0x000000a582b00000,0x000000a582c00000] [id=15560]
  0x000001b471848e40 ConcurrentGCThread "G1 Main Marker" [stack: 0x000000a581300000,0x000000a581400000] [id=19564]
  0x000001b471849ff0 ConcurrentGCThread "G1 Conc#0" [stack: 0x000000a581400000,0x000000a581500000] [id=1400]
  0x000001b47e0d6880 ConcurrentGCThread "G1 Conc#1" [stack: 0x000000a582e00000,0x000000a582f00000] [id=19836]
  0x000001b4718bda00 ConcurrentGCThread "G1 Refine#0" [stack: 0x000000a581500000,0x000000a581600000] [id=13384]
  0x000001b47e0c7fa0 ConcurrentGCThread "G1 Refine#1" [stack: 0x000000a584900000,0x000000a584a00000] [id=1680]
  0x000001b40159f8a0 ConcurrentGCThread "G1 Refine#2" [stack: 0x000000a584a00000,0x000000a584b00000] [id=1864]
  0x000001b401b615e0 ConcurrentGCThread "G1 Refine#3" [stack: 0x000000a583500000,0x000000a583600000] [id=1412]
  0x000001b401b618c0 ConcurrentGCThread "G1 Refine#4" [stack: 0x000000a583600000,0x000000a583700000] [id=10052]
  0x000001b4018652c0 ConcurrentGCThread "G1 Refine#5" [stack: 0x000000a583700000,0x000000a583800000] [id=17324]
  0x000001b401864fe0 ConcurrentGCThread "G1 Refine#6" [stack: 0x000000a583800000,0x000000a583900000] [id=20700]
  0x000001b4718be420 ConcurrentGCThread "G1 Service" [stack: 0x000000a581600000,0x000000a581700000] [id=14148]

Threads with active compile tasks:

VM state: at safepoint (normal execution)

VM Mutex/Monitor currently owned by a thread:  ([mutex/lock_event])
[0x000001b46f6bcc60] Threads_lock - owner thread: 0x000001b47d00bcc0
[0x000001b46f77c3f0] Heap_lock - owner thread: 0x000001b47e485a90

Heap address: 0x00000000c0000000, size: 1024 MB, Compressed Oops mode: 32-bit

CDS archive(s) not mapped
Compressed class space mapped at: 0x0000000100000000-0x0000000140000000, reserved size: 1073741824
Narrow klass base: 0x0000000000000000, Narrow klass shift: 3, Narrow klass range: 0x140000000

GC Precious Log:
 CPUs: 8 total, 8 available
 Memory: 16336M
 Large Page Support: Disabled
 NUMA Support: Disabled
 Compressed Oops: Enabled (32-bit)
 Heap Region Size: 1M
 Heap Min Capacity: 8M
 Heap Initial Capacity: 256M
 Heap Max Capacity: 1G
 Pre-touch: Disabled
 Parallel Workers: 8
 Concurrent Workers: 2
 Concurrent Refinement Workers: 8
 Periodic GC: Disabled

Heap:
 garbage-first heap   total 239616K, used 74427K [0x00000000c0000000, 0x0000000100000000)
  region size 1024K, 1 young (1024K), 0 survivors (0K)
 Metaspace       used 69099K, committed 69568K, reserved 1114112K
  class space    used 9390K, committed 9600K, reserved 1048576K

Heap Regions: E=young(eden), S=young(survivor), O=old, HS=humongous(starts), HC=humongous(continues), CS=collection set, F=free, OA=open archive, CA=closed archive, TAMS=top-at-mark-start (previous, next)
|   0|0x00000000c0000000, 0x00000000c00fffd8, 0x00000000c0100000| 99%| O|  |TAMS 0x00000000c00fffd8, 0x00000000c0000000| Untracked 
|   1|0x00000000c0100000, 0x00000000c01ffff8, 0x00000000c0200000| 99%| O|  |TAMS 0x00000000c01ffff8, 0x00000000c0100000| Untracked 
|   2|0x00000000c0200000, 0x00000000c02ffdb0, 0x00000000c0300000| 99%| O|  |TAMS 0x00000000c02ffdb0, 0x00000000c0200000| Untracked 
|   3|0x00000000c0300000, 0x00000000c0400000, 0x00000000c0400000|100%| O|  |TAMS 0x00000000c0400000, 0x00000000c0300000| Untracked 
|   4|0x00000000c0400000, 0x00000000c04ffff0, 0x00000000c0500000| 99%| O|  |TAMS 0x00000000c04ffff0, 0x00000000c0400000| Untracked 
|   5|0x00000000c0500000, 0x00000000c05ffff8, 0x00000000c0600000| 99%| O|  |TAMS 0x00000000c05ffff8, 0x00000000c0500000| Untracked 
|   6|0x00000000c0600000, 0x00000000c0700000, 0x00000000c0700000|100%| O|  |TAMS 0x00000000c0700000, 0x00000000c0600000| Untracked 
|   7|0x00000000c0700000, 0x00000000c07fff18, 0x00000000c0800000| 99%| O|  |TAMS 0x00000000c07fff18, 0x00000000c0700000| Untracked 
|   8|0x00000000c0800000, 0x00000000c08fc7c0, 0x00000000c0900000| 98%| O|  |TAMS 0x00000000c08fc7c0, 0x00000000c0800000| Untracked 
|   9|0x00000000c0900000, 0x00000000c09fffe8, 0x00000000c0a00000| 99%| O|  |TAMS 0x00000000c09fffe8, 0x00000000c0900000| Untracked 
|  10|0x00000000c0a00000, 0x00000000c0affff8, 0x00000000c0b00000| 99%| O|  |TAMS 0x00000000c0affff8, 0x00000000c0a00000| Untracked 
|  11|0x00000000c0b00000, 0x00000000c0bffff8, 0x00000000c0c00000| 99%| O|  |TAMS 0x00000000c0bffff8, 0x00000000c0b00000| Untracked 
|  12|0x00000000c0c00000, 0x00000000c0cffff0, 0x00000000c0d00000| 99%| O|  |TAMS 0x00000000c0cffff0, 0x00000000c0c00000| Untracked 
|  13|0x00000000c0d00000, 0x00000000c0dfffe8, 0x00000000c0e00000| 99%| O|  |TAMS 0x00000000c0dfffe8, 0x00000000c0d00000| Untracked 
|  14|0x00000000c0e00000, 0x00000000c0efffb0, 0x00000000c0f00000| 99%| O|  |TAMS 0x00000000c0efffb0, 0x00000000c0e00000| Untracked 
|  15|0x00000000c0f00000, 0x00000000c1000000, 0x00000000c1000000|100%| O|  |TAMS 0x00000000c1000000, 0x00000000c0f00000| Untracked 
|  16|0x00000000c1000000, 0x00000000c10f7c68, 0x00000000c1100000| 96%| O|  |TAMS 0x00000000c10f7c68, 0x00000000c1000000| Untracked 
|  17|0x00000000c1100000, 0x00000000c1200000, 0x00000000c1200000|100%| O|  |TAMS 0x00000000c1200000, 0x00000000c1100000| Untracked 
|  18|0x00000000c1200000, 0x00000000c1300000, 0x00000000c1300000|100%| O|  |TAMS 0x00000000c1300000, 0x00000000c1200000| Untracked 
|  19|0x00000000c1300000, 0x00000000c13ffff8, 0x00000000c1400000| 99%| O|  |TAMS 0x00000000c13ffff8, 0x00000000c1300000| Untracked 
|  20|0x00000000c1400000, 0x00000000c14ffff8, 0x00000000c1500000| 99%| O|  |TAMS 0x00000000c14ffff8, 0x00000000c1400000| Untracked 
|  21|0x00000000c1500000, 0x00000000c1600000, 0x00000000c1600000|100%| O|  |TAMS 0x00000000c1600000, 0x00000000c1500000| Untracked 
|  22|0x00000000c1600000, 0x00000000c16fffe8, 0x00000000c1700000| 99%| O|  |TAMS 0x00000000c16fffe8, 0x00000000c1600000| Untracked 
|  23|0x00000000c1700000, 0x00000000c17fffe0, 0x00000000c1800000| 99%| O|  |TAMS 0x00000000c17fffe0, 0x00000000c1700000| Untracked 
|  24|0x00000000c1800000, 0x00000000c1900000, 0x00000000c1900000|100%| O|  |TAMS 0x00000000c1900000, 0x00000000c1800000| Untracked 
|  25|0x00000000c1900000, 0x00000000c1a00000, 0x00000000c1a00000|100%| O|  |TAMS 0x00000000c1a00000, 0x00000000c1900000| Untracked 
|  26|0x00000000c1a00000, 0x00000000c1affff8, 0x00000000c1b00000| 99%| O|  |TAMS 0x00000000c1affff8, 0x00000000c1a00000| Untracked 
|  27|0x00000000c1b00000, 0x00000000c1bffff0, 0x00000000c1c00000| 99%| O|  |TAMS 0x00000000c1bffff0, 0x00000000c1b00000| Untracked 
|  28|0x00000000c1c00000, 0x00000000c1cffff8, 0x00000000c1d00000| 99%| O|  |TAMS 0x00000000c1cffff8, 0x00000000c1c00000| Untracked 
|  29|0x00000000c1d00000, 0x00000000c1dffff8, 0x00000000c1e00000| 99%| O|  |TAMS 0x00000000c1dffff8, 0x00000000c1d00000| Untracked 
|  30|0x00000000c1e00000, 0x00000000c1efffe0, 0x00000000c1f00000| 99%| O|  |TAMS 0x00000000c1efffe0, 0x00000000c1e00000| Untracked 
|  31|0x00000000c1f00000, 0x00000000c1ffff28, 0x00000000c2000000| 99%| O|  |TAMS 0x00000000c1ffff28, 0x00000000c1f00000| Untracked 
|  32|0x00000000c2000000, 0x00000000c20fffe0, 0x00000000c2100000| 99%| O|  |TAMS 0x00000000c20fffe0, 0x00000000c2000000| Untracked 
|  33|0x00000000c2100000, 0x00000000c21fffe0, 0x00000000c2200000| 99%| O|  |TAMS 0x00000000c21fffe0, 0x00000000c2100000| Untracked 
|  34|0x00000000c2200000, 0x00000000c22ff708, 0x00000000c2300000| 99%| O|  |TAMS 0x00000000c22ff708, 0x00000000c2200000| Untracked 
|  35|0x00000000c2300000, 0x00000000c23fffe0, 0x00000000c2400000| 99%| O|  |TAMS 0x00000000c23fffe0, 0x00000000c2300000| Untracked 
|  36|0x00000000c2400000, 0x00000000c24fffc0, 0x00000000c2500000| 99%| O|  |TAMS 0x00000000c24fffc0, 0x00000000c2400000| Untracked 
|  37|0x00000000c2500000, 0x00000000c25ffff0, 0x00000000c2600000| 99%| O|  |TAMS 0x00000000c25ffff0, 0x00000000c2500000| Untracked 
|  38|0x00000000c2600000, 0x00000000c26ffff8, 0x00000000c2700000| 99%| O|  |TAMS 0x00000000c26ffff8, 0x00000000c2600000| Untracked 
|  39|0x00000000c2700000, 0x00000000c27fffd0, 0x00000000c2800000| 99%| O|  |TAMS 0x00000000c27fffd0, 0x00000000c2700000| Untracked 
|  40|0x00000000c2800000, 0x00000000c28fffe0, 0x00000000c2900000| 99%| O|  |TAMS 0x00000000c28fffe0, 0x00000000c2800000| Untracked 
|  41|0x00000000c2900000, 0x00000000c29ffff0, 0x00000000c2a00000| 99%| O|  |TAMS 0x00000000c29ffff0, 0x00000000c2900000| Untracked 
|  42|0x00000000c2a00000, 0x00000000c2b00000, 0x00000000c2b00000|100%| O|  |TAMS 0x00000000c2b00000, 0x00000000c2a00000| Untracked 
|  43|0x00000000c2b00000, 0x00000000c2bfffe8, 0x00000000c2c00000| 99%| O|  |TAMS 0x00000000c2bfffe8, 0x00000000c2b00000| Untracked 
|  44|0x00000000c2c00000, 0x00000000c2d00000, 0x00000000c2d00000|100%| O|  |TAMS 0x00000000c2d00000, 0x00000000c2c00000| Untracked 
|  45|0x00000000c2d00000, 0x00000000c2e00000, 0x00000000c2e00000|100%| O|  |TAMS 0x00000000c2e00000, 0x00000000c2d00000| Untracked 
|  46|0x00000000c2e00000, 0x00000000c2f00000, 0x00000000c2f00000|100%| O|  |TAMS 0x00000000c2f00000, 0x00000000c2e00000| Untracked 
|  47|0x00000000c2f00000, 0x00000000c3000000, 0x00000000c3000000|100%| O|  |TAMS 0x00000000c3000000, 0x00000000c2f00000| Untracked 
|  48|0x00000000c3000000, 0x00000000c30fffe8, 0x00000000c3100000| 99%| O|  |TAMS 0x00000000c30fffe8, 0x00000000c3000000| Untracked 
|  49|0x00000000c3100000, 0x00000000c31ffff8, 0x00000000c3200000| 99%| O|  |TAMS 0x00000000c31ffff8, 0x00000000c3100000| Untracked 
|  50|0x00000000c3200000, 0x00000000c32fffc0, 0x00000000c3300000| 99%| O|  |TAMS 0x00000000c32fffc0, 0x00000000c3200000| Untracked 
|  51|0x00000000c3300000, 0x00000000c33fffe8, 0x00000000c3400000| 99%| O|  |TAMS 0x00000000c33fffe8, 0x00000000c3300000| Untracked 
|  52|0x00000000c3400000, 0x00000000c3500000, 0x00000000c3500000|100%| O|  |TAMS 0x00000000c3500000, 0x00000000c3400000| Untracked 
|  53|0x00000000c3500000, 0x00000000c3600000, 0x00000000c3600000|100%| O|  |TAMS 0x00000000c3600000, 0x00000000c3500000| Untracked 
|  54|0x00000000c3600000, 0x00000000c3700000, 0x00000000c3700000|100%| O|  |TAMS 0x00000000c3700000, 0x00000000c3600000| Untracked 
|  55|0x00000000c3700000, 0x00000000c37ffff8, 0x00000000c3800000| 99%| O|  |TAMS 0x00000000c37ffff8, 0x00000000c3700000| Untracked 
|  56|0x00000000c3800000, 0x00000000c38fffe8, 0x00000000c3900000| 99%| O|  |TAMS 0x00000000c38fffe8, 0x00000000c3800000| Untracked 
|  57|0x00000000c3900000, 0x00000000c39fffd0, 0x00000000c3a00000| 99%| O|  |TAMS 0x00000000c39fffd0, 0x00000000c3900000| Untracked 
|  58|0x00000000c3a00000, 0x00000000c3b00000, 0x00000000c3b00000|100%| O|  |TAMS 0x00000000c3b00000, 0x00000000c3a00000| Untracked 
|  59|0x00000000c3b00000, 0x00000000c3c00000, 0x00000000c3c00000|100%| O|  |TAMS 0x00000000c3c00000, 0x00000000c3b00000| Untracked 
|  60|0x00000000c3c00000, 0x00000000c3cfffe0, 0x00000000c3d00000| 99%| O|  |TAMS 0x00000000c3cfffe0, 0x00000000c3c00000| Untracked 
|  61|0x00000000c3d00000, 0x00000000c3dad2b0, 0x00000000c3e00000| 67%| O|  |TAMS 0x00000000c3d00000, 0x00000000c3d00000| Untracked 
|  62|0x00000000c3e00000, 0x00000000c3effff0, 0x00000000c3f00000| 99%| O|  |TAMS 0x00000000c3effff0, 0x00000000c3e00000| Untracked 
|  63|0x00000000c3f00000, 0x00000000c3fffff8, 0x00000000c4000000| 99%| O|  |TAMS 0x00000000c3fffff8, 0x00000000c3f00000| Untracked 
|  64|0x00000000c4000000, 0x00000000c4100000, 0x00000000c4100000|100%|HS|  |TAMS 0x00000000c4100000, 0x00000000c4000000| Untracked 
|  65|0x00000000c4100000, 0x00000000c4200000, 0x00000000c4200000|100%|HC|  |TAMS 0x00000000c4200000, 0x00000000c4100000| Untracked 
|  66|0x00000000c4200000, 0x00000000c4300000, 0x00000000c4300000|100%|HC|  |TAMS 0x00000000c4300000, 0x00000000c4200000| Untracked 
|  67|0x00000000c4300000, 0x00000000c4400000, 0x00000000c4400000|100%| O|  |TAMS 0x00000000c4400000, 0x00000000c4300000| Untracked 
|  68|0x00000000c4400000, 0x00000000c4500000, 0x00000000c4500000|100%| O|  |TAMS 0x00000000c4500000, 0x00000000c4400000| Untracked 
|  69|0x00000000c4500000, 0x00000000c4600000, 0x00000000c4600000|100%| O|  |TAMS 0x00000000c4600000, 0x00000000c4500000| Untracked 
|  70|0x00000000c4600000, 0x00000000c46dfe60, 0x00000000c4700000| 87%| O|  |TAMS 0x00000000c4600000, 0x00000000c4600000| Untracked 
|  71|0x00000000c4700000, 0x00000000c472ea28, 0x00000000c4800000| 18%| O|  |TAMS 0x00000000c4700000, 0x00000000c4700000| Untracked 
|  72|0x00000000c4800000, 0x00000000c4800000, 0x00000000c4900000|  0%| F|  |TAMS 0x00000000c4800000, 0x00000000c4800000| Untracked 
|  73|0x00000000c4900000, 0x00000000c4900000, 0x00000000c4a00000|  0%| F|  |TAMS 0x00000000c4900000, 0x00000000c4900000| Untracked 
|  74|0x00000000c4a00000, 0x00000000c4a00000, 0x00000000c4b00000|  0%| F|  |TAMS 0x00000000c4a00000, 0x00000000c4a00000| Untracked 
|  75|0x00000000c4b00000, 0x00000000c4b00000, 0x00000000c4c00000|  0%| F|  |TAMS 0x00000000c4b00000, 0x00000000c4b00000| Untracked 
|  76|0x00000000c4c00000, 0x00000000c4c00000, 0x00000000c4d00000|  0%| F|  |TAMS 0x00000000c4c00000, 0x00000000c4c00000| Untracked 
|  77|0x00000000c4d00000, 0x00000000c4d00000, 0x00000000c4e00000|  0%| F|  |TAMS 0x00000000c4d00000, 0x00000000c4d00000| Untracked 
|  78|0x00000000c4e00000, 0x00000000c4e00000, 0x00000000c4f00000|  0%| F|  |TAMS 0x00000000c4e00000, 0x00000000c4e00000| Untracked 
|  79|0x00000000c4f00000, 0x00000000c4f00000, 0x00000000c5000000|  0%| F|  |TAMS 0x00000000c4f00000, 0x00000000c4f00000| Untracked 
|  80|0x00000000c5000000, 0x00000000c5000000, 0x00000000c5100000|  0%| F|  |TAMS 0x00000000c5000000, 0x00000000c5000000| Untracked 
|  81|0x00000000c5100000, 0x00000000c5100000, 0x00000000c5200000|  0%| F|  |TAMS 0x00000000c5100000, 0x00000000c5100000| Untracked 
|  82|0x00000000c5200000, 0x00000000c5200000, 0x00000000c5300000|  0%| F|  |TAMS 0x00000000c5200000, 0x00000000c5200000| Untracked 
|  83|0x00000000c5300000, 0x00000000c5300000, 0x00000000c5400000|  0%| F|  |TAMS 0x00000000c5300000, 0x00000000c5300000| Untracked 
|  84|0x00000000c5400000, 0x00000000c5400000, 0x00000000c5500000|  0%| F|  |TAMS 0x00000000c5400000, 0x00000000c5400000| Untracked 
|  85|0x00000000c5500000, 0x00000000c5500000, 0x00000000c5600000|  0%| F|  |TAMS 0x00000000c5500000, 0x00000000c5500000| Untracked 
|  86|0x00000000c5600000, 0x00000000c5600000, 0x00000000c5700000|  0%| F|  |TAMS 0x00000000c5600000, 0x00000000c5600000| Untracked 
|  87|0x00000000c5700000, 0x00000000c5700000, 0x00000000c5800000|  0%| F|  |TAMS 0x00000000c5700000, 0x00000000c5700000| Untracked 
|  88|0x00000000c5800000, 0x00000000c5800000, 0x00000000c5900000|  0%| F|  |TAMS 0x00000000c5800000, 0x00000000c5800000| Untracked 
|  89|0x00000000c5900000, 0x00000000c5900000, 0x00000000c5a00000|  0%| F|  |TAMS 0x00000000c5900000, 0x00000000c5900000| Untracked 
|  90|0x00000000c5a00000, 0x00000000c5a00000, 0x00000000c5b00000|  0%| F|  |TAMS 0x00000000c5a00000, 0x00000000c5a00000| Untracked 
|  91|0x00000000c5b00000, 0x00000000c5c00000, 0x00000000c5c00000|100%| O|  |TAMS 0x00000000c5c00000, 0x00000000c5b00000| Untracked 
|  92|0x00000000c5c00000, 0x00000000c5d00000, 0x00000000c5d00000|100%| O|  |TAMS 0x00000000c5d00000, 0x00000000c5c00000| Untracked 
|  93|0x00000000c5d00000, 0x00000000c5d00000, 0x00000000c5e00000|  0%| F|  |TAMS 0x00000000c5d00000, 0x00000000c5d00000| Untracked 
|  94|0x00000000c5e00000, 0x00000000c5e00000, 0x00000000c5f00000|  0%| F|  |TAMS 0x00000000c5e00000, 0x00000000c5e00000| Untracked 
|  95|0x00000000c5f00000, 0x00000000c5f00000, 0x00000000c6000000|  0%| F|  |TAMS 0x00000000c5f00000, 0x00000000c5f00000| Untracked 
|  96|0x00000000c6000000, 0x00000000c6000000, 0x00000000c6100000|  0%| F|  |TAMS 0x00000000c6000000, 0x00000000c6000000| Untracked 
|  97|0x00000000c6100000, 0x00000000c6100000, 0x00000000c6200000|  0%| F|  |TAMS 0x00000000c6100000, 0x00000000c6100000| Untracked 
|  98|0x00000000c6200000, 0x00000000c6200000, 0x00000000c6300000|  0%| F|  |TAMS 0x00000000c6200000, 0x00000000c6200000| Untracked 
|  99|0x00000000c6300000, 0x00000000c6300000, 0x00000000c6400000|  0%| F|  |TAMS 0x00000000c6300000, 0x00000000c6300000| Untracked 
| 100|0x00000000c6400000, 0x00000000c6400000, 0x00000000c6500000|  0%| F|  |TAMS 0x00000000c6400000, 0x00000000c6400000| Untracked 
| 101|0x00000000c6500000, 0x00000000c6500000, 0x00000000c6600000|  0%| F|  |TAMS 0x00000000c6500000, 0x00000000c6500000| Untracked 
| 102|0x00000000c6600000, 0x00000000c6600000, 0x00000000c6700000|  0%| F|  |TAMS 0x00000000c6600000, 0x00000000c6600000| Untracked 
| 103|0x00000000c6700000, 0x00000000c6700000, 0x00000000c6800000|  0%| F|  |TAMS 0x00000000c6700000, 0x00000000c6700000| Untracked 
| 104|0x00000000c6800000, 0x00000000c6800000, 0x00000000c6900000|  0%| F|  |TAMS 0x00000000c6800000, 0x00000000c6800000| Untracked 
| 105|0x00000000c6900000, 0x00000000c6900000, 0x00000000c6a00000|  0%| F|  |TAMS 0x00000000c6900000, 0x00000000c6900000| Untracked 
| 106|0x00000000c6a00000, 0x00000000c6a00000, 0x00000000c6b00000|  0%| F|  |TAMS 0x00000000c6a00000, 0x00000000c6a00000| Untracked 
| 107|0x00000000c6b00000, 0x00000000c6b00000, 0x00000000c6c00000|  0%| F|  |TAMS 0x00000000c6b00000, 0x00000000c6b00000| Untracked 
| 108|0x00000000c6c00000, 0x00000000c6c00000, 0x00000000c6d00000|  0%| F|  |TAMS 0x00000000c6c00000, 0x00000000c6c00000| Untracked 
| 109|0x00000000c6d00000, 0x00000000c6d00000, 0x00000000c6e00000|  0%| F|  |TAMS 0x00000000c6d00000, 0x00000000c6d00000| Untracked 
| 110|0x00000000c6e00000, 0x00000000c6e00000, 0x00000000c6f00000|  0%| F|  |TAMS 0x00000000c6e00000, 0x00000000c6e00000| Untracked 
| 111|0x00000000c6f00000, 0x00000000c6f00000, 0x00000000c7000000|  0%| F|  |TAMS 0x00000000c6f00000, 0x00000000c6f00000| Untracked 
| 112|0x00000000c7000000, 0x00000000c7000000, 0x00000000c7100000|  0%| F|  |TAMS 0x00000000c7000000, 0x00000000c7000000| Untracked 
| 113|0x00000000c7100000, 0x00000000c7100000, 0x00000000c7200000|  0%| F|  |TAMS 0x00000000c7100000, 0x00000000c7100000| Untracked 
| 114|0x00000000c7200000, 0x00000000c7200000, 0x00000000c7300000|  0%| F|  |TAMS 0x00000000c7200000, 0x00000000c7200000| Untracked 
| 115|0x00000000c7300000, 0x00000000c7300000, 0x00000000c7400000|  0%| F|  |TAMS 0x00000000c7300000, 0x00000000c7300000| Untracked 
| 116|0x00000000c7400000, 0x00000000c7400000, 0x00000000c7500000|  0%| F|  |TAMS 0x00000000c7400000, 0x00000000c7400000| Untracked 
| 117|0x00000000c7500000, 0x00000000c7500000, 0x00000000c7600000|  0%| F|  |TAMS 0x00000000c7500000, 0x00000000c7500000| Untracked 
| 118|0x00000000c7600000, 0x00000000c7600000, 0x00000000c7700000|  0%| F|  |TAMS 0x00000000c7600000, 0x00000000c7600000| Untracked 
| 119|0x00000000c7700000, 0x00000000c7700000, 0x00000000c7800000|  0%| F|  |TAMS 0x00000000c7700000, 0x00000000c7700000| Untracked 
| 120|0x00000000c7800000, 0x00000000c7800000, 0x00000000c7900000|  0%| F|  |TAMS 0x00000000c7800000, 0x00000000c7800000| Untracked 
| 121|0x00000000c7900000, 0x00000000c7900000, 0x00000000c7a00000|  0%| F|  |TAMS 0x00000000c7900000, 0x00000000c7900000| Untracked 
| 122|0x00000000c7a00000, 0x00000000c7a00000, 0x00000000c7b00000|  0%| F|  |TAMS 0x00000000c7a00000, 0x00000000c7a00000| Untracked 
| 123|0x00000000c7b00000, 0x00000000c7b00000, 0x00000000c7c00000|  0%| F|  |TAMS 0x00000000c7b00000, 0x00000000c7b00000| Untracked 
| 124|0x00000000c7c00000, 0x00000000c7c00000, 0x00000000c7d00000|  0%| F|  |TAMS 0x00000000c7c00000, 0x00000000c7c00000| Untracked 
| 125|0x00000000c7d00000, 0x00000000c7d00000, 0x00000000c7e00000|  0%| F|  |TAMS 0x00000000c7d00000, 0x00000000c7d00000| Untracked 
| 126|0x00000000c7e00000, 0x00000000c7e00000, 0x00000000c7f00000|  0%| F|  |TAMS 0x00000000c7e00000, 0x00000000c7e00000| Untracked 
| 127|0x00000000c7f00000, 0x00000000c7f00000, 0x00000000c8000000|  0%| F|  |TAMS 0x00000000c7f00000, 0x00000000c7f00000| Untracked 
| 128|0x00000000c8000000, 0x00000000c8000000, 0x00000000c8100000|  0%| F|  |TAMS 0x00000000c8000000, 0x00000000c8000000| Untracked 
| 129|0x00000000c8100000, 0x00000000c8100000, 0x00000000c8200000|  0%| F|  |TAMS 0x00000000c8100000, 0x00000000c8100000| Untracked 
| 130|0x00000000c8200000, 0x00000000c8200000, 0x00000000c8300000|  0%| F|  |TAMS 0x00000000c8200000, 0x00000000c8200000| Untracked 
| 131|0x00000000c8300000, 0x00000000c8300000, 0x00000000c8400000|  0%| F|  |TAMS 0x00000000c8300000, 0x00000000c8300000| Untracked 
| 132|0x00000000c8400000, 0x00000000c8400000, 0x00000000c8500000|  0%| F|  |TAMS 0x00000000c8400000, 0x00000000c8400000| Untracked 
| 133|0x00000000c8500000, 0x00000000c8500000, 0x00000000c8600000|  0%| F|  |TAMS 0x00000000c8500000, 0x00000000c8500000| Untracked 
| 134|0x00000000c8600000, 0x00000000c8600000, 0x00000000c8700000|  0%| F|  |TAMS 0x00000000c8600000, 0x00000000c8600000| Untracked 
| 135|0x00000000c8700000, 0x00000000c8700000, 0x00000000c8800000|  0%| F|  |TAMS 0x00000000c8700000, 0x00000000c8700000| Untracked 
| 136|0x00000000c8800000, 0x00000000c8800000, 0x00000000c8900000|  0%| F|  |TAMS 0x00000000c8800000, 0x00000000c8800000| Untracked 
| 137|0x00000000c8900000, 0x00000000c8900000, 0x00000000c8a00000|  0%| F|  |TAMS 0x00000000c8900000, 0x00000000c8900000| Untracked 
| 138|0x00000000c8a00000, 0x00000000c8a00000, 0x00000000c8b00000|  0%| F|  |TAMS 0x00000000c8a00000, 0x00000000c8a00000| Untracked 
| 139|0x00000000c8b00000, 0x00000000c8b00000, 0x00000000c8c00000|  0%| F|  |TAMS 0x00000000c8b00000, 0x00000000c8b00000| Untracked 
| 140|0x00000000c8c00000, 0x00000000c8c00000, 0x00000000c8d00000|  0%| F|  |TAMS 0x00000000c8c00000, 0x00000000c8c00000| Untracked 
| 141|0x00000000c8d00000, 0x00000000c8d00000, 0x00000000c8e00000|  0%| F|  |TAMS 0x00000000c8d00000, 0x00000000c8d00000| Untracked 
| 142|0x00000000c8e00000, 0x00000000c8e00000, 0x00000000c8f00000|  0%| F|  |TAMS 0x00000000c8e00000, 0x00000000c8e00000| Untracked 
| 143|0x00000000c8f00000, 0x00000000c8f00000, 0x00000000c9000000|  0%| F|  |TAMS 0x00000000c8f00000, 0x00000000c8f00000| Untracked 
| 144|0x00000000c9000000, 0x00000000c9000000, 0x00000000c9100000|  0%| F|  |TAMS 0x00000000c9000000, 0x00000000c9000000| Untracked 
| 145|0x00000000c9100000, 0x00000000c9100000, 0x00000000c9200000|  0%| F|  |TAMS 0x00000000c9100000, 0x00000000c9100000| Untracked 
| 146|0x00000000c9200000, 0x00000000c9200000, 0x00000000c9300000|  0%| F|  |TAMS 0x00000000c9200000, 0x00000000c9200000| Untracked 
| 147|0x00000000c9300000, 0x00000000c9300000, 0x00000000c9400000|  0%| F|  |TAMS 0x00000000c9300000, 0x00000000c9300000| Untracked 
| 148|0x00000000c9400000, 0x00000000c9400000, 0x00000000c9500000|  0%| F|  |TAMS 0x00000000c9400000, 0x00000000c9400000| Untracked 
| 149|0x00000000c9500000, 0x00000000c9500000, 0x00000000c9600000|  0%| F|  |TAMS 0x00000000c9500000, 0x00000000c9500000| Untracked 
| 150|0x00000000c9600000, 0x00000000c9600000, 0x00000000c9700000|  0%| F|  |TAMS 0x00000000c9600000, 0x00000000c9600000| Untracked 
| 151|0x00000000c9700000, 0x00000000c9700000, 0x00000000c9800000|  0%| F|  |TAMS 0x00000000c9700000, 0x00000000c9700000| Untracked 
| 152|0x00000000c9800000, 0x00000000c9800000, 0x00000000c9900000|  0%| F|  |TAMS 0x00000000c9800000, 0x00000000c9800000| Untracked 
| 153|0x00000000c9900000, 0x00000000c9900000, 0x00000000c9a00000|  0%| F|  |TAMS 0x00000000c9900000, 0x00000000c9900000| Untracked 
| 154|0x00000000c9a00000, 0x00000000c9a00000, 0x00000000c9b00000|  0%| F|  |TAMS 0x00000000c9a00000, 0x00000000c9a00000| Untracked 
| 155|0x00000000c9b00000, 0x00000000c9b00000, 0x00000000c9c00000|  0%| F|  |TAMS 0x00000000c9b00000, 0x00000000c9b00000| Untracked 
| 156|0x00000000c9c00000, 0x00000000c9c00000, 0x00000000c9d00000|  0%| F|  |TAMS 0x00000000c9c00000, 0x00000000c9c00000| Untracked 
| 157|0x00000000c9d00000, 0x00000000c9d00000, 0x00000000c9e00000|  0%| F|  |TAMS 0x00000000c9d00000, 0x00000000c9d00000| Untracked 
| 158|0x00000000c9e00000, 0x00000000c9e00000, 0x00000000c9f00000|  0%| F|  |TAMS 0x00000000c9e00000, 0x00000000c9e00000| Untracked 
| 159|0x00000000c9f00000, 0x00000000c9f00000, 0x00000000ca000000|  0%| F|  |TAMS 0x00000000c9f00000, 0x00000000c9f00000| Untracked 
| 160|0x00000000ca000000, 0x00000000ca000000, 0x00000000ca100000|  0%| F|  |TAMS 0x00000000ca000000, 0x00000000ca000000| Untracked 
| 161|0x00000000ca100000, 0x00000000ca100000, 0x00000000ca200000|  0%| F|  |TAMS 0x00000000ca100000, 0x00000000ca100000| Untracked 
| 162|0x00000000ca200000, 0x00000000ca200000, 0x00000000ca300000|  0%| F|  |TAMS 0x00000000ca200000, 0x00000000ca200000| Untracked 
| 163|0x00000000ca300000, 0x00000000ca300000, 0x00000000ca400000|  0%| F|  |TAMS 0x00000000ca300000, 0x00000000ca300000| Untracked 
| 164|0x00000000ca400000, 0x00000000ca400000, 0x00000000ca500000|  0%| F|  |TAMS 0x00000000ca400000, 0x00000000ca400000| Untracked 
| 165|0x00000000ca500000, 0x00000000ca500000, 0x00000000ca600000|  0%| F|  |TAMS 0x00000000ca500000, 0x00000000ca500000| Untracked 
| 166|0x00000000ca600000, 0x00000000ca600000, 0x00000000ca700000|  0%| F|  |TAMS 0x00000000ca600000, 0x00000000ca600000| Untracked 
| 167|0x00000000ca700000, 0x00000000ca700000, 0x00000000ca800000|  0%| F|  |TAMS 0x00000000ca700000, 0x00000000ca700000| Untracked 
| 168|0x00000000ca800000, 0x00000000ca800000, 0x00000000ca900000|  0%| F|  |TAMS 0x00000000ca800000, 0x00000000ca800000| Untracked 
| 169|0x00000000ca900000, 0x00000000ca900000, 0x00000000caa00000|  0%| F|  |TAMS 0x00000000ca900000, 0x00000000ca900000| Untracked 
| 170|0x00000000caa00000, 0x00000000caa00000, 0x00000000cab00000|  0%| F|  |TAMS 0x00000000caa00000, 0x00000000caa00000| Untracked 
| 171|0x00000000cab00000, 0x00000000cab00000, 0x00000000cac00000|  0%| F|  |TAMS 0x00000000cab00000, 0x00000000cab00000| Untracked 
| 172|0x00000000cac00000, 0x00000000cac00000, 0x00000000cad00000|  0%| F|  |TAMS 0x00000000cac00000, 0x00000000cac00000| Untracked 
| 173|0x00000000cad00000, 0x00000000cad00000, 0x00000000cae00000|  0%| F|  |TAMS 0x00000000cad00000, 0x00000000cad00000| Untracked 
| 174|0x00000000cae00000, 0x00000000cae00000, 0x00000000caf00000|  0%| F|  |TAMS 0x00000000cae00000, 0x00000000cae00000| Untracked 
| 175|0x00000000caf00000, 0x00000000caf00000, 0x00000000cb000000|  0%| F|  |TAMS 0x00000000caf00000, 0x00000000caf00000| Untracked 
| 176|0x00000000cb000000, 0x00000000cb000000, 0x00000000cb100000|  0%| F|  |TAMS 0x00000000cb000000, 0x00000000cb000000| Untracked 
| 177|0x00000000cb100000, 0x00000000cb100000, 0x00000000cb200000|  0%| F|  |TAMS 0x00000000cb100000, 0x00000000cb100000| Untracked 
| 178|0x00000000cb200000, 0x00000000cb200000, 0x00000000cb300000|  0%| F|  |TAMS 0x00000000cb200000, 0x00000000cb200000| Untracked 
| 179|0x00000000cb300000, 0x00000000cb300000, 0x00000000cb400000|  0%| F|  |TAMS 0x00000000cb300000, 0x00000000cb300000| Untracked 
| 180|0x00000000cb400000, 0x00000000cb400000, 0x00000000cb500000|  0%| F|  |TAMS 0x00000000cb400000, 0x00000000cb400000| Untracked 
| 181|0x00000000cb500000, 0x00000000cb500000, 0x00000000cb600000|  0%| F|  |TAMS 0x00000000cb500000, 0x00000000cb500000| Untracked 
| 182|0x00000000cb600000, 0x00000000cb600000, 0x00000000cb700000|  0%| F|  |TAMS 0x00000000cb600000, 0x00000000cb600000| Untracked 
| 183|0x00000000cb700000, 0x00000000cb700000, 0x00000000cb800000|  0%| F|  |TAMS 0x00000000cb700000, 0x00000000cb700000| Untracked 
| 184|0x00000000cb800000, 0x00000000cb800000, 0x00000000cb900000|  0%| F|  |TAMS 0x00000000cb800000, 0x00000000cb800000| Untracked 
| 185|0x00000000cb900000, 0x00000000cb900000, 0x00000000cba00000|  0%| F|  |TAMS 0x00000000cb900000, 0x00000000cb900000| Untracked 
| 186|0x00000000cba00000, 0x00000000cba00000, 0x00000000cbb00000|  0%| F|  |TAMS 0x00000000cba00000, 0x00000000cba00000| Untracked 
| 187|0x00000000cbb00000, 0x00000000cbb00000, 0x00000000cbc00000|  0%| F|  |TAMS 0x00000000cbb00000, 0x00000000cbb00000| Untracked 
| 188|0x00000000cbc00000, 0x00000000cbc00000, 0x00000000cbd00000|  0%| F|  |TAMS 0x00000000cbc00000, 0x00000000cbc00000| Untracked 
| 189|0x00000000cbd00000, 0x00000000cbd00000, 0x00000000cbe00000|  0%| F|  |TAMS 0x00000000cbd00000, 0x00000000cbd00000| Untracked 
| 190|0x00000000cbe00000, 0x00000000cbe00000, 0x00000000cbf00000|  0%| F|  |TAMS 0x00000000cbe00000, 0x00000000cbe00000| Untracked 
| 191|0x00000000cbf00000, 0x00000000cbf00000, 0x00000000cc000000|  0%| F|  |TAMS 0x00000000cbf00000, 0x00000000cbf00000| Untracked 
| 192|0x00000000cc000000, 0x00000000cc000000, 0x00000000cc100000|  0%| F|  |TAMS 0x00000000cc000000, 0x00000000cc000000| Untracked 
| 193|0x00000000cc100000, 0x00000000cc100000, 0x00000000cc200000|  0%| F|  |TAMS 0x00000000cc100000, 0x00000000cc100000| Untracked 
| 194|0x00000000cc200000, 0x00000000cc200000, 0x00000000cc300000|  0%| F|  |TAMS 0x00000000cc200000, 0x00000000cc200000| Untracked 
| 195|0x00000000cc300000, 0x00000000cc300000, 0x00000000cc400000|  0%| F|  |TAMS 0x00000000cc300000, 0x00000000cc300000| Untracked 
| 196|0x00000000cc400000, 0x00000000cc400000, 0x00000000cc500000|  0%| F|  |TAMS 0x00000000cc400000, 0x00000000cc400000| Untracked 
| 197|0x00000000cc500000, 0x00000000cc500000, 0x00000000cc600000|  0%| F|  |TAMS 0x00000000cc500000, 0x00000000cc500000| Untracked 
| 198|0x00000000cc600000, 0x00000000cc600000, 0x00000000cc700000|  0%| F|  |TAMS 0x00000000cc600000, 0x00000000cc600000| Untracked 
| 199|0x00000000cc700000, 0x00000000cc700000, 0x00000000cc800000|  0%| F|  |TAMS 0x00000000cc700000, 0x00000000cc700000| Untracked 
| 200|0x00000000cc800000, 0x00000000cc800000, 0x00000000cc900000|  0%| F|  |TAMS 0x00000000cc800000, 0x00000000cc800000| Untracked 
| 201|0x00000000cc900000, 0x00000000cc900000, 0x00000000cca00000|  0%| F|  |TAMS 0x00000000cc900000, 0x00000000cc900000| Untracked 
| 202|0x00000000cca00000, 0x00000000cca00000, 0x00000000ccb00000|  0%| F|  |TAMS 0x00000000cca00000, 0x00000000cca00000| Untracked 
| 203|0x00000000ccb00000, 0x00000000ccb00000, 0x00000000ccc00000|  0%| F|  |TAMS 0x00000000ccb00000, 0x00000000ccb00000| Untracked 
| 204|0x00000000ccc00000, 0x00000000ccc00000, 0x00000000ccd00000|  0%| F|  |TAMS 0x00000000ccc00000, 0x00000000ccc00000| Untracked 
| 205|0x00000000ccd00000, 0x00000000ccd00000, 0x00000000cce00000|  0%| F|  |TAMS 0x00000000ccd00000, 0x00000000ccd00000| Untracked 
| 206|0x00000000cce00000, 0x00000000cce00000, 0x00000000ccf00000|  0%| F|  |TAMS 0x00000000cce00000, 0x00000000cce00000| Untracked 
| 207|0x00000000ccf00000, 0x00000000ccf00000, 0x00000000cd000000|  0%| F|  |TAMS 0x00000000ccf00000, 0x00000000ccf00000| Untracked 
| 208|0x00000000cd000000, 0x00000000cd000000, 0x00000000cd100000|  0%| F|  |TAMS 0x00000000cd000000, 0x00000000cd000000| Untracked 
| 209|0x00000000cd100000, 0x00000000cd100000, 0x00000000cd200000|  0%| F|  |TAMS 0x00000000cd100000, 0x00000000cd100000| Untracked 
| 210|0x00000000cd200000, 0x00000000cd200000, 0x00000000cd300000|  0%| F|  |TAMS 0x00000000cd200000, 0x00000000cd200000| Untracked 
| 211|0x00000000cd300000, 0x00000000cd300000, 0x00000000cd400000|  0%| F|  |TAMS 0x00000000cd300000, 0x00000000cd300000| Untracked 
| 212|0x00000000cd400000, 0x00000000cd400000, 0x00000000cd500000|  0%| F|  |TAMS 0x00000000cd400000, 0x00000000cd400000| Untracked 
| 213|0x00000000cd500000, 0x00000000cd500000, 0x00000000cd600000|  0%| F|  |TAMS 0x00000000cd500000, 0x00000000cd500000| Untracked 
| 214|0x00000000cd600000, 0x00000000cd600000, 0x00000000cd700000|  0%| F|  |TAMS 0x00000000cd600000, 0x00000000cd600000| Untracked 
| 215|0x00000000cd700000, 0x00000000cd700000, 0x00000000cd800000|  0%| F|  |TAMS 0x00000000cd700000, 0x00000000cd700000| Untracked 
| 216|0x00000000cd800000, 0x00000000cd800000, 0x00000000cd900000|  0%| F|  |TAMS 0x00000000cd800000, 0x00000000cd800000| Untracked 
| 217|0x00000000cd900000, 0x00000000cd900000, 0x00000000cda00000|  0%| F|  |TAMS 0x00000000cd900000, 0x00000000cd900000| Untracked 
| 218|0x00000000cda00000, 0x00000000cda00000, 0x00000000cdb00000|  0%| F|  |TAMS 0x00000000cda00000, 0x00000000cda00000| Untracked 
| 219|0x00000000cdb00000, 0x00000000cdb00000, 0x00000000cdc00000|  0%| F|  |TAMS 0x00000000cdb00000, 0x00000000cdb00000| Untracked 
| 220|0x00000000cdc00000, 0x00000000cdc00000, 0x00000000cdd00000|  0%| F|  |TAMS 0x00000000cdc00000, 0x00000000cdc00000| Untracked 
| 221|0x00000000cdd00000, 0x00000000cdd00000, 0x00000000cde00000|  0%| F|  |TAMS 0x00000000cdd00000, 0x00000000cdd00000| Untracked 
| 222|0x00000000cde00000, 0x00000000cde00000, 0x00000000cdf00000|  0%| F|  |TAMS 0x00000000cde00000, 0x00000000cde00000| Untracked 
| 223|0x00000000cdf00000, 0x00000000cdf00000, 0x00000000ce000000|  0%| F|  |TAMS 0x00000000cdf00000, 0x00000000cdf00000| Untracked 
| 224|0x00000000ce000000, 0x00000000ce000000, 0x00000000ce100000|  0%| F|  |TAMS 0x00000000ce000000, 0x00000000ce000000| Untracked 
| 225|0x00000000ce100000, 0x00000000ce100000, 0x00000000ce200000|  0%| F|  |TAMS 0x00000000ce100000, 0x00000000ce100000| Untracked 
| 226|0x00000000ce200000, 0x00000000ce200000, 0x00000000ce300000|  0%| F|  |TAMS 0x00000000ce200000, 0x00000000ce200000| Untracked 
| 227|0x00000000ce300000, 0x00000000ce300000, 0x00000000ce400000|  0%| F|  |TAMS 0x00000000ce300000, 0x00000000ce300000| Untracked 
| 228|0x00000000ce400000, 0x00000000ce400000, 0x00000000ce500000|  0%| F|  |TAMS 0x00000000ce400000, 0x00000000ce400000| Untracked 
| 229|0x00000000ce500000, 0x00000000ce500000, 0x00000000ce600000|  0%| F|  |TAMS 0x00000000ce500000, 0x00000000ce500000| Untracked 
| 230|0x00000000ce600000, 0x00000000ce600000, 0x00000000ce700000|  0%| F|  |TAMS 0x00000000ce600000, 0x00000000ce600000| Untracked 
| 231|0x00000000ce700000, 0x00000000ce700000, 0x00000000ce800000|  0%| F|  |TAMS 0x00000000ce700000, 0x00000000ce700000| Untracked 
| 232|0x00000000ce800000, 0x00000000ce800000, 0x00000000ce900000|  0%| F|  |TAMS 0x00000000ce800000, 0x00000000ce800000| Untracked 
| 233|0x00000000ce900000, 0x00000000ce93db50, 0x00000000cea00000| 24%| E|  |TAMS 0x00000000ce900000, 0x00000000ce900000| Complete 

Card table byte_map: [0x000001b477790000,0x000001b477990000] _byte_map_base: 0x000001b477190000

Marking Bits (Prev, Next): (CMBitMap*) 0x000001b471840510, (CMBitMap*) 0x000001b471840550
 Prev Bits: [0x000001b477b90000, 0x000001b478b90000)
 Next Bits: [0x000001b478b90000, 0x000001b479b90000)

Polling page: 0x000001b46f7a0000

Metaspace:

Usage:
  Non-class:     58.31 MB used.
      Class:      9.17 MB used.
       Both:     67.48 MB used.

Virtual space:
  Non-class space:       64.00 MB reserved,      58.56 MB ( 92%) committed,  8 nodes.
      Class space:        1.00 GB reserved,       9.38 MB ( <1%) committed,  1 nodes.
             Both:        1.06 GB reserved,      67.94 MB (  6%) committed. 

Chunk freelists:
   Non-Class:  1.30 MB
       Class:  2.59 MB
        Both:  3.89 MB

MaxMetaspaceSize: unlimited
CompressedClassSpaceSize: 1.00 GB
Initial GC threshold: 21.00 MB
Current GC threshold: 113.25 MB
CDS: off
MetaspaceReclaimPolicy: balanced
 - commit_granule_bytes: 65536.
 - commit_granule_words: 8192.
 - virtual_space_node_default_size: 1048576.
 - enlarge_chunks_in_place: 1.
 - new_chunks_are_fully_committed: 0.
 - uncommit_free_chunks: 1.
 - use_allocation_guard: 0.
 - handle_deallocations: 1.


Internal statistics:

num_allocs_failed_limit: 8.
num_arena_births: 710.
num_arena_deaths: 234.
num_vsnodes_births: 9.
num_vsnodes_deaths: 0.
num_space_committed: 1087.
num_space_uncommitted: 0.
num_chunks_returned_to_freelist: 306.
num_chunks_taken_from_freelist: 3013.
num_chunk_merges: 98.
num_chunk_splits: 2068.
num_chunks_enlarged: 1569.
num_purges: 14.
num_inconsistent_stats: 0.

CodeCache: size=49152Kb used=16096Kb max_used=16657Kb free=33055Kb
 bounds [0x000001b474480000, 0x000001b475510000, 0x000001b477480000]
 total_blobs=9436 nmethods=8748 adapters=615
 compilation: enabled
              stopped_count=0, restarted_count=0
 full_count=0

Compilation events (20 events):
Event: 85178.308 Thread 0x000001b47d06ca80 nmethod 8736 0x000001b47479f690 code [0x000001b47479f840, 0x000001b47479f998]
Event: 85178.308 Thread 0x000001b47d06ca80 8737       1       org.springframework.ide.vscode.boot.java.annotations.AnnotationHierarchies::ignoreAnnotation (7 bytes)
Event: 85178.308 Thread 0x000001b47d06ca80 nmethod 8737 0x000001b47479f310 code [0x000001b47479f4a0, 0x000001b47479f588]
Event: 85178.308 Thread 0x000001b47d06ca80 8738       1       java.util.stream.Streams$AbstractStreamBuilderImpl::characteristics (4 bytes)
Event: 85178.308 Thread 0x000001b47d06ca80 nmethod 8738 0x000001b47479f010 code [0x000001b47479f1a0, 0x000001b47479f278]
Event: 85178.308 Thread 0x000001b47d06ca80 8744       1       org.eclipse.jdt.internal.compiler.lookup.UnresolvedAnnotationBinding::getAnnotationType (9 bytes)
Event: 85178.308 Thread 0x000001b47d06ca80 nmethod 8744 0x000001b47479ed10 code [0x000001b47479eea0, 0x000001b47479ef88]
Event: 85178.308 Thread 0x000001b47d06ca80 8745   !   1       org.eclipse.jdt.internal.compiler.lookup.UnresolvedAnnotationBinding::resolve (70 bytes)
Event: 85178.308 Thread 0x000001b401a47960 nmethod 8741 0x000001b474799910 code [0x000001b474799fe0, 0x000001b47479d178]
Event: 85178.309 Thread 0x000001b401a47960 8743       1       java.util.stream.ReferencePipeline$Head::forEach (26 bytes)
Event: 85178.309 Thread 0x000001b47d06ca80 nmethod 8745 0x000001b474799410 code [0x000001b4747995c0, 0x000001b4747997c8]
Event: 85178.309 Thread 0x000001b47d06ca80 8746       1       com.google.gson.stream.JsonWriter::isLenient (5 bytes)
Event: 85178.309 Thread 0x000001b47d06ca80 nmethod 8746 0x000001b474799110 code [0x000001b4747992a0, 0x000001b474799378]
Event: 85178.309 Thread 0x000001b47d06ca80 8747       1       com.google.gson.stream.JsonWriter::isHtmlSafe (5 bytes)
Event: 85178.309 Thread 0x000001b401a47960 nmethod 8743 0x000001b474798a90 code [0x000001b474798c60, 0x000001b474798f38]
Event: 85178.309 Thread 0x000001b47d06ca80 nmethod 8747 0x000001b474798790 code [0x000001b474798920, 0x000001b4747989f8]
Event: 85187.098 Thread 0x000001b47d06ca80 8748       1       com.google.common.base.Preconditions::checkPositionIndex (8 bytes)
Event: 85187.098 Thread 0x000001b47d06ca80 nmethod 8748 0x000001b474798390 code [0x000001b474798540, 0x000001b4747986b8]
Event: 85187.098 Thread 0x000001b47d06ca80 8749       1       com.google.common.base.Preconditions::checkPositionIndex (25 bytes)
Event: 85187.098 Thread 0x000001b47d06ca80 nmethod 8749 0x000001b474797f90 code [0x000001b474798140, 0x000001b474798298]

GC Heap History (20 events):
Event: 93398.308 GC heap before
{Heap before GC invocations=9133 (full 9085):
 garbage-first heap   total 239616K, used 74427K [0x00000000c0000000, 0x0000000100000000)
  region size 1024K, 1 young (1024K), 0 survivors (0K)
 Metaspace       used 69099K, committed 69568K, reserved 1114112K
  class space    used 9390K, committed 9600K, reserved 1048576K
}
Event: 93398.365 GC heap after
{Heap after GC invocations=9134 (full 9086):
 garbage-first heap   total 239616K, used 74427K [0x00000000c0000000, 0x0000000100000000)
  region size 1024K, 0 young (0K), 0 survivors (0K)
 Metaspace       used 69099K, committed 69568K, reserved 1114112K
  class space    used 9390K, committed 9600K, reserved 1048576K
}
Event: 93408.613 GC heap before
{Heap before GC invocations=9134 (full 9086):
 garbage-first heap   total 239616K, used 74427K [0x00000000c0000000, 0x0000000100000000)
  region size 1024K, 1 young (1024K), 0 survivors (0K)
 Metaspace       used 69099K, committed 69568K, reserved 1114112K
  class space    used 9390K, committed 9600K, reserved 1048576K
}
Event: 93408.665 GC heap after
{Heap after GC invocations=9135 (full 9087):
 garbage-first heap   total 239616K, used 74427K [0x00000000c0000000, 0x0000000100000000)
  region size 1024K, 0 young (0K), 0 survivors (0K)
 Metaspace       used 69099K, committed 69568K, reserved 1114112K
  class space    used 9390K, committed 9600K, reserved 1048576K
}
Event: 93418.934 GC heap before
{Heap before GC invocations=9135 (full 9087):
 garbage-first heap   total 239616K, used 74427K [0x00000000c0000000, 0x0000000100000000)
  region size 1024K, 1 young (1024K), 0 survivors (0K)
 Metaspace       used 69099K, committed 69568K, reserved 1114112K
  class space    used 9390K, committed 9600K, reserved 1048576K
}
Event: 93418.986 GC heap after
{Heap after GC invocations=9136 (full 9088):
 garbage-first heap   total 239616K, used 74427K [0x00000000c0000000, 0x0000000100000000)
  region size 1024K, 0 young (0K), 0 survivors (0K)
 Metaspace       used 69099K, committed 69568K, reserved 1114112K
  class space    used 9390K, committed 9600K, reserved 1048576K
}
Event: 93429.233 GC heap before
{Heap before GC invocations=9136 (full 9088):
 garbage-first heap   total 239616K, used 74427K [0x00000000c0000000, 0x0000000100000000)
  region size 1024K, 1 young (1024K), 0 survivors (0K)
 Metaspace       used 69099K, committed 69568K, reserved 1114112K
  class space    used 9390K, committed 9600K, reserved 1048576K
}
Event: 93429.286 GC heap after
{Heap after GC invocations=9137 (full 9089):
 garbage-first heap   total 239616K, used 74427K [0x00000000c0000000, 0x0000000100000000)
  region size 1024K, 0 young (0K), 0 survivors (0K)
 Metaspace       used 69099K, committed 69568K, reserved 1114112K
  class space    used 9390K, committed 9600K, reserved 1048576K
}
Event: 93439.566 GC heap before
{Heap before GC invocations=9137 (full 9089):
 garbage-first heap   total 239616K, used 74427K [0x00000000c0000000, 0x0000000100000000)
  region size 1024K, 1 young (1024K), 0 survivors (0K)
 Metaspace       used 69099K, committed 69568K, reserved 1114112K
  class space    used 9390K, committed 9600K, reserved 1048576K
}
Event: 93439.614 GC heap after
{Heap after GC invocations=9138 (full 9090):
 garbage-first heap   total 239616K, used 74427K [0x00000000c0000000, 0x0000000100000000)
  region size 1024K, 0 young (0K), 0 survivors (0K)
 Metaspace       used 69099K, committed 69568K, reserved 1114112K
  class space    used 9390K, committed 9600K, reserved 1048576K
}
Event: 93449.926 GC heap before
{Heap before GC invocations=9138 (full 9090):
 garbage-first heap   total 239616K, used 74427K [0x00000000c0000000, 0x0000000100000000)
  region size 1024K, 1 young (1024K), 0 survivors (0K)
 Metaspace       used 69099K, committed 69568K, reserved 1114112K
  class space    used 9390K, committed 9600K, reserved 1048576K
}
Event: 93449.984 GC heap after
{Heap after GC invocations=9139 (full 9091):
 garbage-first heap   total 239616K, used 74427K [0x00000000c0000000, 0x0000000100000000)
  region size 1024K, 0 young (0K), 0 survivors (0K)
 Metaspace       used 69099K, committed 69568K, reserved 1114112K
  class space    used 9390K, committed 9600K, reserved 1048576K
}
Event: 93460.244 GC heap before
{Heap before GC invocations=9139 (full 9091):
 garbage-first heap   total 239616K, used 74427K [0x00000000c0000000, 0x0000000100000000)
  region size 1024K, 1 young (1024K), 0 survivors (0K)
 Metaspace       used 69099K, committed 69568K, reserved 1114112K
  class space    used 9390K, committed 9600K, reserved 1048576K
}
Event: 93460.293 GC heap after
{Heap after GC invocations=9140 (full 9092):
 garbage-first heap   total 239616K, used 74427K [0x00000000c0000000, 0x0000000100000000)
  region size 1024K, 0 young (0K), 0 survivors (0K)
 Metaspace       used 69099K, committed 69568K, reserved 1114112K
  class space    used 9390K, committed 9600K, reserved 1048576K
}
Event: 93470.565 GC heap before
{Heap before GC invocations=9140 (full 9092):
 garbage-first heap   total 239616K, used 74427K [0x00000000c0000000, 0x0000000100000000)
  region size 1024K, 1 young (1024K), 0 survivors (0K)
 Metaspace       used 69099K, committed 69568K, reserved 1114112K
  class space    used 9390K, committed 9600K, reserved 1048576K
}
Event: 93470.618 GC heap after
{Heap after GC invocations=9141 (full 9093):
 garbage-first heap   total 239616K, used 74427K [0x00000000c0000000, 0x0000000100000000)
  region size 1024K, 0 young (0K), 0 survivors (0K)
 Metaspace       used 69099K, committed 69568K, reserved 1114112K
  class space    used 9390K, committed 9600K, reserved 1048576K
}
Event: 93480.892 GC heap before
{Heap before GC invocations=9141 (full 9093):
 garbage-first heap   total 239616K, used 74427K [0x00000000c0000000, 0x0000000100000000)
  region size 1024K, 1 young (1024K), 0 survivors (0K)
 Metaspace       used 69099K, committed 69568K, reserved 1114112K
  class space    used 9390K, committed 9600K, reserved 1048576K
}
Event: 93480.941 GC heap after
{Heap after GC invocations=9142 (full 9094):
 garbage-first heap   total 239616K, used 74427K [0x00000000c0000000, 0x0000000100000000)
  region size 1024K, 0 young (0K), 0 survivors (0K)
 Metaspace       used 69099K, committed 69568K, reserved 1114112K
  class space    used 9390K, committed 9600K, reserved 1048576K
}
Event: 93491.242 GC heap before
{Heap before GC invocations=9142 (full 9094):
 garbage-first heap   total 239616K, used 74427K [0x00000000c0000000, 0x0000000100000000)
  region size 1024K, 1 young (1024K), 0 survivors (0K)
 Metaspace       used 69099K, committed 69568K, reserved 1114112K
  class space    used 9390K, committed 9600K, reserved 1048576K
}
Event: 93491.304 GC heap after
{Heap after GC invocations=9143 (full 9095):
 garbage-first heap   total 239616K, used 74427K [0x00000000c0000000, 0x0000000100000000)
  region size 1024K, 0 young (0K), 0 survivors (0K)
 Metaspace       used 69099K, committed 69568K, reserved 1114112K
  class space    used 9390K, committed 9600K, reserved 1048576K
}

Dll operation events (10 events):
Event: 0.010 Loaded shared library c:\Users\lees_\.vscode\extensions\redhat.java-1.16.0-win32-x64\jre\17.0.6-win32-x86_64\bin\java.dll
Event: 0.255 Loaded shared library C:\Users\lees_\.vscode\extensions\redhat.java-1.16.0-win32-x64\jre\17.0.6-win32-x86_64\bin\net.dll
Event: 0.258 Loaded shared library C:\Users\lees_\.vscode\extensions\redhat.java-1.16.0-win32-x64\jre\17.0.6-win32-x86_64\bin\nio.dll
Event: 0.315 Loaded shared library C:\Users\lees_\.vscode\extensions\redhat.java-1.16.0-win32-x64\jre\17.0.6-win32-x86_64\bin\zip.dll
Event: 10.112 Loaded shared library C:\Users\lees_\.vscode\extensions\redhat.java-1.16.0-win32-x64\jre\17.0.6-win32-x86_64\bin\jimage.dll
Event: 19.674 Loaded shared library C:\Users\lees_\.vscode\extensions\redhat.java-1.16.0-win32-x64\jre\17.0.6-win32-x86_64\bin\management.dll
Event: 19.677 Loaded shared library C:\Users\lees_\.vscode\extensions\redhat.java-1.16.0-win32-x64\jre\17.0.6-win32-x86_64\bin\management_ext.dll
Event: 21.883 Loaded shared library C:\Users\lees_\.vscode\extensions\redhat.java-1.16.0-win32-x64\jre\17.0.6-win32-x86_64\bin\sunmscapi.dll
Event: 26.941 Loaded shared library c:\Users\lees_\.vscode\extensions\redhat.java-1.16.0-win32-x64\jre\17.0.6-win32-x86_64\bin\verify.dll
Event: 30.103 Loaded shared library C:\Users\lees_\AppData\Local\Temp\snappy-1.1.8-5d56a578-638a-4420-9f0e-f5552d9b7f57-snappyjava.dll

Deoptimization events (20 events):
Event: 27.579 Thread 0x000001b47e6985d0 DEOPT PACKING pc=0x000001b47524fa74 sp=0x000000a5834fdc60
Event: 27.579 Thread 0x000001b47e6985d0 DEOPT UNPACKING pc=0x000001b4744d7143 sp=0x000000a5834fd190 mode 0
Event: 27.579 Thread 0x000001b47e6985d0 DEOPT PACKING pc=0x000001b4751f3ff4 sp=0x000000a5834fdf60
Event: 27.579 Thread 0x000001b47e6985d0 DEOPT UNPACKING pc=0x000001b4744d7143 sp=0x000000a5834fd458 mode 0
Event: 27.579 Thread 0x000001b47e6985d0 DEOPT PACKING pc=0x000001b47517bb74 sp=0x000000a5834fe030
Event: 27.579 Thread 0x000001b47e6985d0 DEOPT UNPACKING pc=0x000001b4744d7143 sp=0x000000a5834fd508 mode 0
Event: 27.579 Thread 0x000001b47e6985d0 DEOPT PACKING pc=0x000001b4751789a4 sp=0x000000a5834fe0e0
Event: 27.579 Thread 0x000001b47e6985d0 DEOPT UNPACKING pc=0x000001b4744d7143 sp=0x000000a5834fd660 mode 0
Event: 27.580 Thread 0x000001b47e6985d0 DEOPT PACKING pc=0x000001b4752418ac sp=0x000000a5834fe400
Event: 27.580 Thread 0x000001b47e6985d0 DEOPT UNPACKING pc=0x000001b4744d7143 sp=0x000000a5834fd890 mode 0
Event: 28.941 Thread 0x000001b47e781230 DEOPT PACKING pc=0x000001b4747369ec sp=0x000000a583afe170
Event: 28.941 Thread 0x000001b47e781230 DEOPT UNPACKING pc=0x000001b4744d7143 sp=0x000000a583afd6d8 mode 0
Event: 85154.528 Thread 0x000001b47e3f1fe0 DEOPT PACKING pc=0x000001b474a8df54 sp=0x000000a5832fedf0
Event: 85154.531 Thread 0x000001b47e3f1fe0 DEOPT UNPACKING pc=0x000001b4744d7143 sp=0x000000a5832fe298 mode 0
Event: 85157.707 Thread 0x000001b47e785a60 DEOPT PACKING pc=0x000001b474633784 sp=0x000000a5820fe410
Event: 85157.707 Thread 0x000001b47e785a60 DEOPT UNPACKING pc=0x000001b4744d7143 sp=0x000000a5820fdac0 mode 0
Event: 85157.785 Thread 0x000001b47e77e210 DEOPT PACKING pc=0x000001b4752f25ee sp=0x000000a5834fcd80
Event: 85157.785 Thread 0x000001b47e77e210 DEOPT UNPACKING pc=0x000001b4744d7143 sp=0x000000a5834fc278 mode 3
Event: 85178.273 Thread 0x000001b47e77fa20 DEOPT PACKING pc=0x000001b47495afa4 sp=0x000000a5821feea0
Event: 85178.274 Thread 0x000001b47e77fa20 DEOPT UNPACKING pc=0x000001b4744d7143 sp=0x000000a5821fe388 mode 0

Classes unloaded (20 events):
Event: 85218.227 Thread 0x000001b47d00bcc0 Unloading class 0x0000000100934400 'java/lang/invoke/LambdaForm$DMH+0x0000000100934400'
Event: 85218.227 Thread 0x000001b47d00bcc0 Unloading class 0x0000000100215000 'java/lang/invoke/LambdaForm$DMH+0x0000000100215000'
Event: 85322.775 Thread 0x000001b47d00bcc0 Unloading class 0x000000010039c400 'java/lang/invoke/LambdaForm$MH+0x000000010039c400'
Event: 85322.775 Thread 0x000001b47d00bcc0 Unloading class 0x0000000100760000 'java/lang/invoke/LambdaForm$MH+0x0000000100760000'
Event: 85333.120 Thread 0x000001b47d00bcc0 Unloading class 0x0000000100961c00 'java/lang/invoke/LambdaForm$MH+0x0000000100961c00'
Event: 85333.120 Thread 0x000001b47d00bcc0 Unloading class 0x0000000100961800 'java/lang/invoke/LambdaForm$MH+0x0000000100961800'
Event: 85333.120 Thread 0x000001b47d00bcc0 Unloading class 0x0000000100557400 'java/lang/invoke/LambdaForm$MH+0x0000000100557400'
Event: 85333.120 Thread 0x000001b47d00bcc0 Unloading class 0x00000001005a0000 'java/lang/invoke/LambdaForm$MH+0x00000001005a0000'
Event: 85333.120 Thread 0x000001b47d00bcc0 Unloading class 0x0000000100088400 'java/lang/invoke/LambdaForm$MH+0x0000000100088400'
Event: 85333.120 Thread 0x000001b47d00bcc0 Unloading class 0x0000000100088c00 'java/lang/invoke/LambdaForm$MH+0x0000000100088c00'
Event: 85333.120 Thread 0x000001b47d00bcc0 Unloading class 0x0000000100089400 'java/lang/invoke/LambdaForm$MH+0x0000000100089400'
Event: 85333.120 Thread 0x000001b47d00bcc0 Unloading class 0x0000000100089c00 'java/lang/invoke/LambdaForm$MH+0x0000000100089c00'
Event: 85354.475 Thread 0x000001b47d00bcc0 Unloading class 0x0000000100963800 'java/lang/invoke/LambdaForm$MH+0x0000000100963800'
Event: 85354.475 Thread 0x000001b47d00bcc0 Unloading class 0x0000000100963400 'java/lang/invoke/LambdaForm$MH+0x0000000100963400'
Event: 85354.475 Thread 0x000001b47d00bcc0 Unloading class 0x0000000100963000 'java/lang/invoke/LambdaForm$MH+0x0000000100963000'
Event: 85354.475 Thread 0x000001b47d00bcc0 Unloading class 0x0000000100962c00 'java/lang/invoke/LambdaForm$MH+0x0000000100962c00'
Event: 85354.475 Thread 0x000001b47d00bcc0 Unloading class 0x0000000100962800 'java/lang/invoke/LambdaForm$MH+0x0000000100962800'
Event: 85354.475 Thread 0x000001b47d00bcc0 Unloading class 0x0000000100962400 'java/lang/invoke/LambdaForm$MH+0x0000000100962400'
Event: 85354.475 Thread 0x000001b47d00bcc0 Unloading class 0x0000000100961400 'java/lang/invoke/LambdaForm$MH+0x0000000100961400'
Event: 85354.475 Thread 0x000001b47d00bcc0 Unloading class 0x000000010077c400 'java/lang/invoke/LambdaForm$MH+0x000000010077c400'

Classes redefined (0 events):
No events

Internal exceptions (20 events):
Event: 85177.862 Thread 0x000001b47e7838b0 Exception <a 'sun/nio/fs/WindowsException'{0x00000000ccadbf80}> (0x00000000ccadbf80) 
thrown [s\src\hotspot\share\prims\jni.cpp, line 516]
Event: 85177.863 Thread 0x000001b47e7838b0 Exception <a 'sun/nio/fs/WindowsException'{0x00000000ccadc2a0}> (0x00000000ccadc2a0) 
thrown [s\src\hotspot\share\prims\jni.cpp, line 516]
Event: 85177.863 Thread 0x000001b47e7838b0 Exception <a 'sun/nio/fs/WindowsException'{0x00000000ccaef298}> (0x00000000ccaef298) 
thrown [s\src\hotspot\share\prims\jni.cpp, line 516]
Event: 85177.864 Thread 0x000001b47e7838b0 Exception <a 'sun/nio/fs/WindowsException'{0x00000000ccaef568}> (0x00000000ccaef568) 
thrown [s\src\hotspot\share\prims\jni.cpp, line 516]
Event: 85177.864 Thread 0x000001b47e7838b0 Exception <a 'sun/nio/fs/WindowsException'{0x00000000ccaf1c80}> (0x00000000ccaf1c80) 
thrown [s\src\hotspot\share\prims\jni.cpp, line 516]
Event: 85177.865 Thread 0x000001b47e7838b0 Exception <a 'sun/nio/fs/WindowsException'{0x00000000ccaf1f70}> (0x00000000ccaf1f70) 
thrown [s\src\hotspot\share\prims\jni.cpp, line 516]
Event: 85177.868 Thread 0x000001b47e7838b0 Exception <a 'sun/nio/fs/WindowsException'{0x00000000cc9416a8}> (0x00000000cc9416a8) 
thrown [s\src\hotspot\share\prims\jni.cpp, line 516]
Event: 85177.868 Thread 0x000001b47e7838b0 Exception <a 'sun/nio/fs/WindowsException'{0x00000000cc941988}> (0x00000000cc941988) 
thrown [s\src\hotspot\share\prims\jni.cpp, line 516]
Event: 85177.868 Thread 0x000001b47e7838b0 Exception <a 'sun/nio/fs/WindowsException'{0x00000000cc944e68}> (0x00000000cc944e68) 
thrown [s\src\hotspot\share\prims\jni.cpp, line 516]
Event: 85177.869 Thread 0x000001b47e7838b0 Exception <a 'sun/nio/fs/WindowsException'{0x00000000cc945168}> (0x00000000cc945168) 
thrown [s\src\hotspot\share\prims\jni.cpp, line 516]
Event: 85177.881 Thread 0x000001b47e7838b0 Exception <a 'sun/nio/fs/WindowsException'{0x00000000cc7402b8}> (0x00000000cc7402b8) 
thrown [s\src\hotspot\share\prims\jni.cpp, line 516]
Event: 85177.881 Thread 0x000001b47e7838b0 Exception <a 'sun/nio/fs/WindowsException'{0x00000000cc740588}> (0x00000000cc740588) 
thrown [s\src\hotspot\share\prims\jni.cpp, line 516]
Event: 85177.882 Thread 0x000001b47e7838b0 Exception <a 'sun/nio/fs/WindowsException'{0x00000000cc7486e8}> (0x00000000cc7486e8) 
thrown [s\src\hotspot\share\prims\jni.cpp, line 516]
Event: 85177.882 Thread 0x000001b47e7838b0 Exception <a 'sun/nio/fs/WindowsException'{0x00000000cc7489d8}> (0x00000000cc7489d8) 
thrown [s\src\hotspot\share\prims\jni.cpp, line 516]
Event: 85177.886 Thread 0x000001b47e7838b0 Exception <a 'sun/nio/fs/WindowsException'{0x00000000cc7c4b50}> (0x00000000cc7c4b50) 
thrown [s\src\hotspot\share\prims\jni.cpp, line 516]
Event: 85177.887 Thread 0x000001b47e7838b0 Exception <a 'sun/nio/fs/WindowsException'{0x00000000cc7c4e10}> (0x00000000cc7c4e10) 
thrown [s\src\hotspot\share\prims\jni.cpp, line 516]
Event: 85177.887 Thread 0x000001b47e7838b0 Exception <a 'sun/nio/fs/WindowsException'{0x00000000cc7c7b48}> (0x00000000cc7c7b48) 
thrown [s\src\hotspot\share\prims\jni.cpp, line 516]
Event: 85177.887 Thread 0x000001b47e7838b0 Exception <a 'sun/nio/fs/WindowsException'{0x00000000cc7c7e18}> (0x00000000cc7c7e18) 
thrown [s\src\hotspot\share\prims\jni.cpp, line 516]
Event: 85178.281 Thread 0x000001b47e77f080 Exception <a 'java/lang/NoSuchMethodError'{0x00000000cc6cb788}: 'java.lang.Object java.lang.invoke.DirectMethodHandle$Holder.newInvokeSpecial(java.lang.Object, java.lang.Object, java.lang.Object, java.lang.Object, java.lang.Object, long)'> (0x00000000cc6cb788) 
thrown [s\src\hotspot\share\interpreter\linkResolver.cpp, line 759]
Event: 85178.282 Thread 0x000001b47e77f080 Exception <a 'java/lang/NoSuchMethodError'{0x00000000cc6cfdf8}: 'java.lang.Object java.lang.invoke.DirectMethodHandle$Holder.invokeSpecial(java.lang.Object, java.lang.Object, java.lang.Object, java.lang.Object, java.lang.Object, java.lang.Object, long)'> (0x00000000cc6cfdf8) 
thrown [s\src\hotspot\share\interpreter\linkResolver.cpp, line 759]

VM Operations (20 events):
Event: 93398.365 Executing VM operation: G1CollectFull done
Event: 93408.613 Executing VM operation: G1CollectFull
Event: 93408.665 Executing VM operation: G1CollectFull done
Event: 93418.933 Executing VM operation: G1CollectFull
Event: 93418.986 Executing VM operation: G1CollectFull done
Event: 93429.233 Executing VM operation: G1CollectFull
Event: 93429.286 Executing VM operation: G1CollectFull done
Event: 93439.566 Executing VM operation: G1CollectFull
Event: 93439.615 Executing VM operation: G1CollectFull done
Event: 93449.925 Executing VM operation: G1CollectFull
Event: 93449.984 Executing VM operation: G1CollectFull done
Event: 93460.244 Executing VM operation: G1CollectFull
Event: 93460.293 Executing VM operation: G1CollectFull done
Event: 93470.565 Executing VM operation: G1CollectFull
Event: 93470.618 Executing VM operation: G1CollectFull done
Event: 93480.892 Executing VM operation: G1CollectFull
Event: 93480.941 Executing VM operation: G1CollectFull done
Event: 93491.241 Executing VM operation: G1CollectFull
Event: 93491.305 Executing VM operation: G1CollectFull done
Event: 93501.387 Executing VM operation: G1CollectFull

Events (20 events):
Event: 85157.735 loading class sun/nio/cs/ThreadLocalCoders$2 done
Event: 85158.256 loading class java/util/Hashtable$ValueCollection
Event: 85158.257 loading class java/util/Hashtable$ValueCollection done
Event: 85158.279 loading class java/util/stream/SliceOps
Event: 85158.279 loading class java/util/stream/SliceOps done
Event: 85158.280 loading class java/util/stream/SliceOps$1
Event: 85158.280 loading class java/util/stream/SliceOps$1 done
Event: 85158.292 loading class java/util/stream/SliceOps$1$1
Event: 85158.293 loading class java/util/stream/SliceOps$1$1 done
Event: 85172.481 Thread 0x000001b401a48da0 Thread exited: 0x000001b401a48da0
Event: 85173.563 Thread 0x000001b401a46f40 Thread added: 0x000001b401a46f40
Event: 85174.732 Thread 0x000001b401a46f40 Thread exited: 0x000001b401a46f40
Event: 85178.303 Thread 0x000001b401a47960 Thread added: 0x000001b401a47960
Event: 85183.323 Thread 0x000001b401a47960 Thread exited: 0x000001b401a47960
Event: 85218.355 Thread 0x000001b47e7850c0 Thread exited: 0x000001b47e7850c0
Event: 85233.954 Thread 0x000001b47e784bf0 Thread exited: 0x000001b47e784bf0
Event: 85238.271 Thread 0x000001b47e7838b0 Thread exited: 0x000001b47e7838b0
Event: 85238.287 Thread 0x000001b47e77fa20 Thread exited: 0x000001b47e77fa20
Event: 85238.287 Thread 0x000001b47e785a60 Thread exited: 0x000001b47e785a60
Event: 85298.276 Thread 0x000001b47e77e210 Thread exited: 0x000001b47e77e210


Dynamic libraries:
0x00007ff71bc00000 - 0x00007ff71bc0e000 	c:\Users\lees_\.vscode\extensions\redhat.java-1.16.0-win32-x64\jre\17.0.6-win32-x86_64\bin\java.exe
0x00007ffa1b1d0000 - 0x00007ffa1b3c8000 	C:\WINDOWS\SYSTEM32\ntdll.dll
0x00007ff9df170000 - 0x00007ff9df187000 	C:\Program Files\AVAST Software\Avast\aswhook.dll
0x00007ffa1adc0000 - 0x00007ffa1ae7f000 	C:\WINDOWS\System32\KERNEL32.DLL
0x00007ffa188d0000 - 0x00007ffa18ba2000 	C:\WINDOWS\System32\KERNELBASE.dll
0x00007ffa18f10000 - 0x00007ffa19010000 	C:\WINDOWS\System32\ucrtbase.dll
0x00007ff9ec020000 - 0x00007ff9ec039000 	c:\Users\lees_\.vscode\extensions\redhat.java-1.16.0-win32-x64\jre\17.0.6-win32-x86_64\bin\VCRUNTIME140.dll
0x00007ff9edd10000 - 0x00007ff9edd27000 	c:\Users\lees_\.vscode\extensions\redhat.java-1.16.0-win32-x64\jre\17.0.6-win32-x86_64\bin\jli.dll
0x00007ffa19280000 - 0x00007ffa19421000 	C:\WINDOWS\System32\USER32.dll
0x00007ffa18bb0000 - 0x00007ffa18bd2000 	C:\WINDOWS\System32\win32u.dll
0x00007ffa089d0000 - 0x00007ffa08c6a000 	C:\WINDOWS\WinSxS\amd64_microsoft.windows.common-controls_6595b64144ccf1df_6.0.19041.1110_none_60b5254171f9507e\COMCTL32.dll
0x00007ffa1ad60000 - 0x00007ffa1ad8b000 	C:\WINDOWS\System32\GDI32.dll
0x00007ffa19d10000 - 0x00007ffa19dae000 	C:\WINDOWS\System32\msvcrt.dll
0x00007ffa18d40000 - 0x00007ffa18e4f000 	C:\WINDOWS\System32\gdi32full.dll
0x00007ffa18be0000 - 0x00007ffa18c7d000 	C:\WINDOWS\System32\msvcp_win.dll
0x00007ffa1ad90000 - 0x00007ffa1adc0000 	C:\WINDOWS\System32\IMM32.DLL
0x00007ffa10030000 - 0x00007ffa1003c000 	c:\Users\lees_\.vscode\extensions\redhat.java-1.16.0-win32-x64\jre\17.0.6-win32-x86_64\bin\vcruntime140_1.dll
0x00007ff9db910000 - 0x00007ff9db9a1000 	c:\Users\lees_\.vscode\extensions\redhat.java-1.16.0-win32-x64\jre\17.0.6-win32-x86_64\bin\msvcp140.dll
0x00007ff9c79d0000 - 0x00007ff9c8617000 	c:\Users\lees_\.vscode\extensions\redhat.java-1.16.0-win32-x64\jre\17.0.6-win32-x86_64\bin\server\jvm.dll
0x00007ffa1acb0000 - 0x00007ffa1ad5e000 	C:\WINDOWS\System32\ADVAPI32.dll
0x00007ffa19760000 - 0x00007ffa197fc000 	C:\WINDOWS\System32\sechost.dll
0x00007ffa19be0000 - 0x00007ffa19d04000 	C:\WINDOWS\System32\RPCRT4.dll
0x00007ffa07870000 - 0x00007ffa07879000 	C:\WINDOWS\SYSTEM32\WSOCK32.dll
0x00007ffa0aed0000 - 0x00007ffa0aef7000 	C:\WINDOWS\SYSTEM32\WINMM.dll
0x00007ffa10050000 - 0x00007ffa1005a000 	C:\WINDOWS\SYSTEM32\VERSION.dll
0x00007ffa1a750000 - 0x00007ffa1a7bb000 	C:\WINDOWS\System32\WS2_32.dll
0x00007ffa16930000 - 0x00007ffa16942000 	C:\WINDOWS\SYSTEM32\kernel.appcore.dll
0x00007ff9f80b0000 - 0x00007ff9f80ba000 	c:\Users\lees_\.vscode\extensions\redhat.java-1.16.0-win32-x64\jre\17.0.6-win32-x86_64\bin\jimage.dll
0x00007ffa16490000 - 0x00007ffa16674000 	C:\WINDOWS\SYSTEM32\DBGHELP.DLL
0x00007ffa0dc80000 - 0x00007ffa0dcb5000 	C:\WINDOWS\SYSTEM32\dbgcore.DLL
0x00007ffa18cb0000 - 0x00007ffa18d32000 	C:\WINDOWS\System32\bcryptPrimitives.dll
0x00007ff9ee180000 - 0x00007ff9ee1a5000 	c:\Users\lees_\.vscode\extensions\redhat.java-1.16.0-win32-x64\jre\17.0.6-win32-x86_64\bin\java.dll
0x00007ff9edde0000 - 0x00007ff9eddf8000 	c:\Users\lees_\.vscode\extensions\redhat.java-1.16.0-win32-x64\jre\17.0.6-win32-x86_64\bin\zip.dll
0x00007ffa19db0000 - 0x00007ffa1a4f5000 	C:\WINDOWS\System32\SHELL32.dll
0x00007ffa16950000 - 0x00007ffa170e2000 	C:\WINDOWS\SYSTEM32\windows.storage.dll
0x00007ffa19870000 - 0x00007ffa19bc5000 	C:\WINDOWS\System32\combase.dll
0x00007ffa182b0000 - 0x00007ffa182e0000 	C:\WINDOWS\SYSTEM32\Wldp.dll
0x00007ffa19510000 - 0x00007ffa195bd000 	C:\WINDOWS\System32\SHCORE.dll
0x00007ffa1a6f0000 - 0x00007ffa1a745000 	C:\WINDOWS\System32\shlwapi.dll
0x00007ffa18810000 - 0x00007ffa1882f000 	C:\WINDOWS\SYSTEM32\profapi.dll
0x00007ff9ecfe0000 - 0x00007ff9ecff9000 	C:\Users\lees_\.vscode\extensions\redhat.java-1.16.0-win32-x64\jre\17.0.6-win32-x86_64\bin\net.dll
0x00007ffa10af0000 - 0x00007ffa10bfa000 	C:\WINDOWS\SYSTEM32\WINHTTP.dll
0x00007ffa18030000 - 0x00007ffa1809a000 	C:\WINDOWS\system32\mswsock.dll
0x00007ff9e9e70000 - 0x00007ff9e9e85000 	C:\Users\lees_\.vscode\extensions\redhat.java-1.16.0-win32-x64\jre\17.0.6-win32-x86_64\bin\nio.dll
0x00007ffa18210000 - 0x00007ffa18228000 	C:\WINDOWS\SYSTEM32\CRYPTSP.dll
0x00007ffa17900000 - 0x00007ffa17934000 	C:\WINDOWS\system32\rsaenh.dll
0x00007ffa18c80000 - 0x00007ffa18ca7000 	C:\WINDOWS\System32\bcrypt.dll
0x00007ffa18790000 - 0x00007ffa187be000 	C:\WINDOWS\SYSTEM32\USERENV.dll
0x00007ffa181d0000 - 0x00007ffa181dc000 	C:\WINDOWS\SYSTEM32\CRYPTBASE.dll
0x00007ffa17cd0000 - 0x00007ffa17d0b000 	C:\WINDOWS\SYSTEM32\IPHLPAPI.DLL
0x00007ffa19bd0000 - 0x00007ffa19bd8000 	C:\WINDOWS\System32\NSI.dll
0x00007ffa10060000 - 0x00007ffa10077000 	C:\WINDOWS\SYSTEM32\dhcpcsvc6.DLL
0x00007ffa11060000 - 0x00007ffa1107d000 	C:\WINDOWS\SYSTEM32\dhcpcsvc.DLL
0x00007ffa17d10000 - 0x00007ffa17ddb000 	C:\WINDOWS\SYSTEM32\DNSAPI.dll
0x00007ffa11390000 - 0x00007ffa11399000 	C:\Users\lees_\.vscode\extensions\redhat.java-1.16.0-win32-x64\jre\17.0.6-win32-x86_64\bin\management.dll
0x00007ff9f66e0000 - 0x00007ff9f66eb000 	C:\Users\lees_\.vscode\extensions\redhat.java-1.16.0-win32-x64\jre\17.0.6-win32-x86_64\bin\management_ext.dll
0x00007ffa19750000 - 0x00007ffa19758000 	C:\WINDOWS\System32\PSAPI.DLL
0x00007ff9f6640000 - 0x00007ff9f664e000 	C:\Users\lees_\.vscode\extensions\redhat.java-1.16.0-win32-x64\jre\17.0.6-win32-x86_64\bin\sunmscapi.dll
0x00007ffa19010000 - 0x00007ffa19166000 	C:\WINDOWS\System32\CRYPT32.dll
0x00007ffa18380000 - 0x00007ffa183a7000 	C:\WINDOWS\SYSTEM32\ncrypt.dll
0x00007ffa18300000 - 0x00007ffa1833b000 	C:\WINDOWS\SYSTEM32\NTASN1.dll
0x00007ffa11290000 - 0x00007ffa1129a000 	C:\Windows\System32\rasadhlp.dll
0x00007ffa0d810000 - 0x00007ffa0d890000 	C:\WINDOWS\System32\fwpuclnt.dll
0x00007ff9f73b0000 - 0x00007ff9f73c0000 	c:\Users\lees_\.vscode\extensions\redhat.java-1.16.0-win32-x64\jre\17.0.6-win32-x86_64\bin\verify.dll
0x000000006c500000 - 0x000000006c5c7000 	C:\Users\lees_\AppData\Local\Temp\snappy-1.1.8-5d56a578-638a-4420-9f0e-f5552d9b7f57-snappyjava.dll

dbghelp: loaded successfully - version: 4.0.5 - missing functions: none
symbol engine: initialized successfully - sym options: 0x614 - pdb path: .;c:\Users\lees_\.vscode\extensions\redhat.java-1.16.0-win32-x64\jre\17.0.6-win32-x86_64\bin;C:\WINDOWS\SYSTEM32;C:\Program Files\AVAST Software\Avast;C:\WINDOWS\WinSxS\amd64_microsoft.windows.common-controls_6595b64144ccf1df_6.0.19041.1110_none_60b5254171f9507e;c:\Users\lees_\.vscode\extensions\redhat.java-1.16.0-win32-x64\jre\17.0.6-win32-x86_64\bin\server;C:\Users\lees_\AppData\Local\Temp

VM Arguments:
jvm_args: -XX:+HeapDumpOnOutOfMemoryError -Xmx1024m -Dsts.lsp.client=vscode -Dsts.log.file=/dev/null -XX:TieredStopAtLevel=1 -Xlog:jni+resolve=off -Dspring.config.location=file:c:\Users\lees_\.vscode\extensions\vmware.vscode-spring-boot-1.45.0\language-server\BOOT-INF\classes\application.properties 
java_command: org.springframework.ide.vscode.boot.app.BootLanguageServerBootApp
java_class_path (initial): c:\Users\lees_\.vscode\extensions\vmware.vscode-spring-boot-1.45.0\language-server\BOOT-INF\classes;c:\Users\lees_\.vscode\extensions\vmware.vscode-spring-boot-1.45.0\language-server\BOOT-INF\lib\annotations-24.0.1.jar;c:\Users\lees_\.vscode\extensions\vmware.vscode-spring-boot-1.45.0\language-server\BOOT-INF\lib\ant-1.10.13.jar;c:\Users\lees_\.vscode\extensions\vmware.vscode-spring-boot-1.45.0\language-server\BOOT-INF\lib\ant-launcher-1.10.13.jar;c:\Users\lees_\.vscode\extensions\vmware.vscode-spring-boot-1.45.0\language-server\BOOT-INF\lib\antlr-runtime-3.5.3.jar;c:\Users\lees_\.vscode\extensions\vmware.vscode-spring-boot-1.45.0\language-server\BOOT-INF\lib\antlr4-4.11.1.jar;c:\Users\lees_\.vscode\extensions\vmware.vscode-spring-boot-1.45.0\language-server\BOOT-INF\lib\antlr4-runtime-4.11.1.jar;c:\Users\lees_\.vscode\extensions\vmware.vscode-spring-boot-1.45.0\language-server\BOOT-INF\lib\asm-9.4.jar;c:\Users\lees_\.vscode\extensions\vmware.vscode-spring-boot-1.45.0\language-server\BOOT-INF\lib\asm-analysis-9.4.jar;c:\Users\lees_\.vscode\extensions\vmware.vscode-spring-boot-1.45.0\language-server\BOOT-INF\lib\asm-tree-9.4.jar;c:\Users\lees_\.vscode\extensions\vmware.vscode-spring-boot-1.45.0\language-server\BOOT-INF\lib\asm-util-9.4.jar;c:\Users\lees_\.vscode\extensions\vmware.vscode-spring-boot-1.45.0\language-server\BOOT-INF\lib\caffeine-3.1.2.jar;c:\Users\lees_\.vscode\extensions\vmware.vscode-spring-boot-1.45.0\language-server\BOOT-INF\lib\checker-qual-3.12.0.jar;c:\Users\lees_\.vscode\extensions\vmware.vscode-spring-boot-1.45.0\language-server\BOOT-INF\lib\classgraph-4.8.149.jar;c:\Users\lees_\.vscode\extensions\vmware.vscode-spring-boot-1.45.0\language-server\BOOT-INF\lib\commons-codec-1.15.jar;c:\Users\lees_\.vscode\extensions\vmware.vscode-spring-boot-1.45.0\language-server\BOOT-INF\lib\commons-compress-1.22.jar;c:\Users\lees_\.vscode\extensions\vmware.vscode-spring-boot-1.45.0\language-server\BOOT-INF\lib\commons-io-2.4.jar;c:
Launcher Type: SUN_STANDARD

[Global flags]
     intx CICompilerCount                          = 4                                         {product} {ergonomic}
     uint ConcGCThreads                            = 2                                         {product} {ergonomic}
     uint G1ConcRefinementThreads                  = 8                                         {product} {ergonomic}
   size_t G1HeapRegionSize                         = 1048576                                   {product} {ergonomic}
    uintx GCDrainStackTargetSize                   = 64                                        {product} {ergonomic}
     bool HeapDumpOnOutOfMemoryError               = true                                   {manageable} {command line}
   size_t InitialHeapSize                          = 268435456                                 {product} {ergonomic}
   size_t MarkStackSize                            = 4194304                                   {product} {ergonomic}
   size_t MaxHeapSize                              = 1073741824                                {product} {command line}
   size_t MaxNewSize                               = 643825664                                 {product} {ergonomic}
   size_t MinHeapDeltaBytes                        = 1048576                                   {product} {ergonomic}
   size_t MinHeapSize                              = 8388608                                   {product} {ergonomic}
    uintx NonProfiledCodeHeapSize                  = 0                                      {pd product} {ergonomic}
     bool ProfileInterpreter                       = false                                  {pd product} {command line}
    uintx ProfiledCodeHeapSize                     = 0                                      {pd product} {ergonomic}
   size_t SoftMaxHeapSize                          = 1073741824                             {manageable} {ergonomic}
     intx TieredStopAtLevel                        = 1                                         {product} {command line}
     bool UseCompressedClassPointers               = true                           {product lp64_product} {ergonomic}
     bool UseCompressedOops                        = true                           {product lp64_product} {ergonomic}
     bool UseG1GC                                  = true                                      {product} {ergonomic}
     bool UseLargePagesIndividualAllocation        = false                                  {pd product} {ergonomic}

Logging:
Log output configuration:
 #0: stdout all=warning,jni+resolve=off uptime,level,tags
 #1: stderr all=off uptime,level,tags

Environment Variables:
JAVA_HOME=D:\Program Files\Java\jdk-19
PATH=C:\Program Files\Common Files\Oracle\Java\javapath;C:\Python311\Scripts\;C:\Python311\;D:\Miniconda3;D:\Miniconda3\Library\mingw-w64\bin;D:\Miniconda3\Library\usr\bin;D:\Miniconda3\Library\bin;D:\Miniconda3\Scripts;C:\Program Files\NVIDIA GPU Computing Toolkit\CUDA\v10.0\bin;C:\Program Files\NVIDIA GPU Computing Toolkit\CUDA\v10.0\libnvvp;D:\Anaconda3-32bit;D:\Anaconda3-32bit\Library\mingw-w64\bin;D:\Anaconda3-32bit\Library\usr\bin;D:\Anaconda3-32bit\Library\bin;D:\Anaconda3-32bit\Scripts;D:\NVIDIA GPU Computing Toolkit\CUDA\v11.4\bin;D:\NVIDIA GPU Computing Toolkit\CUDA\v11.4\libnvvp;D:\Python39\Scripts\;D:\Python39\;C:\Program Files (x86)\Common Files\Oracle\Java\javapath;C:\Program Files (x86)\Common Files\Intel\Shared Libraries\redist\intel64\compiler;C:\Program Files (x86)\Razer Chroma SDK\bin;C:\Program Files\Razer Chroma SDK\bin;C:\Program Files (x86)\Intel\iCLS Client\;C:\Program Files\Intel\iCLS Client\;C:\Windows\system32;C:\Windows;C:\Windows\System32\Wbem;C:\Windows\System32\WindowsPowerShell\v1.0\;C:\Program Files (x86)\NVIDIA Corporation\PhysX\Common;C:\Program Files (x86)\Intel\Intel(R) Management Engine Components\DAL;C:\Program Files\Intel\Intel(R) Management Engine Components\DAL;C:\Program Files (x86)\Intel\Intel(R) Management Engine Components\IPT;C:\Program Files\Intel\Intel(R) Management Engine Components\IPT;C:\Windows\system32\config\systemprofile\AppData\Local\Microsoft\WindowsApps;C:\Program Files\Intel\WiFi\bin\;C:\Program Files\Common Files\Intel\WirelessCommon\;C:\WINDOWS\system32;C:\WINDOWS;C:\WINDOWS\System32\Wbem;C:\WINDOWS\System32\WindowsPowerShell\v1.0\;C:\WINDOWS\System32\OpenSSH\;C:\Program Files\NVIDIA Corporation\NVIDIA NvDLISR;C:\WINDOWS\system32;C:\WINDOWS;C:\WINDOWS\System32\Wbem;C:\WINDOWS\System32\WindowsPowerShell\v1.0\;C:\WINDOWS\System32\OpenSSH\;D:\Git\cmd;C:\Program Files\dotnet\;C:\ProgramData\chocolatey\bin;C:\Program Files\nodejs\;D:\Program Files\Java\jdk-19\bin\;C:\Program Files\Bandizip\;C:\Users\lees_\AppData
USERNAME=lees_
TMPDIR=C:\Users\Public\Documents\ESTsoft\CreatorTemp
OS=Windows_NT
PROCESSOR_IDENTIFIER=Intel64 Family 6 Model 158 Stepping 9, GenuineIntel
TMP=C:\Users\lees_\AppData\Local\Temp
TEMP=C:\Users\lees_\AppData\Local\Temp



---------------  S Y S T E M  ---------------

OS:
 Windows 10 , 64 bit Build 19041 (10.0.19041.2546)
OS uptime: 1 days 2:37 hours
Hyper-V role detected

CPU: total 8 (initial active 8) (4 cores per cpu, 2 threads per core) family 6 model 158 stepping 9 microcode 0xb4, cx8, cmov, fxsr, ht, mmx, 3dnowpref, sse, sse2, sse3, ssse3, sse4.1, sse4.2, popcnt, lzcnt, tsc, tscinvbit, avx, avx2, aes, erms, clmul, bmi1, bmi2, adx, fma, vzeroupper, clflush, clflushopt, hv

Memory: 4k page, system-wide physical 16336M (4700M free)
TotalPageFile size 20654M (AvailPageFile size 6M)
current process WorkingSet (physical memory assigned to process): 166M, peak: 747M
current process commit charge ("private bytes"): 430M, peak: 747M

vm_info: OpenJDK 64-Bit Server VM (17.0.6+10) for windows-amd64 JRE (17.0.6+10), built on Jan 18 2023 10:08:59 by "temurin" with MS VC++ 16.7 (VS2019)

END.
